2022-10-31 21:39:29 0 [Note] InnoDB: The first innodb_system data file 'ibdata1' did not exist. A new tablespace will be created!
2022-10-31 21:39:29 0 [Note] InnoDB: Uses event mutexes
2022-10-31 21:39:29 0 [Note] InnoDB: Compressed tables use zlib 1.2.12
2022-10-31 21:39:29 0 [Note] InnoDB: Number of pools: 1
2022-10-31 21:39:29 0 [Note] InnoDB: Using crc32 + pclmulqdq instructions
2022-10-31 21:39:29 0 [Note] InnoDB: Initializing buffer pool, total size = 134217728, chunk size = 134217728
2022-10-31 21:39:29 0 [Note] InnoDB: Completed initialization of buffer pool
2022-10-31 21:39:29 0 [Note] InnoDB: Setting file '.\ibdata1' size to 12 MB. Physically writing the file full; Please wait ...
2022-10-31 21:39:29 0 [Note] InnoDB: File '.\ibdata1' size is now 12 MB.
2022-10-31 21:39:29 0 [Note] InnoDB: Setting log file .\ib_logfile101 size to 100663296 bytes
2022-10-31 21:39:29 0 [Note] InnoDB: Renaming log file .\ib_logfile101 to .\ib_logfile0
2022-10-31 21:39:29 0 [Note] InnoDB: New log file created, LSN=10317
2022-10-31 21:39:29 0 [Note] InnoDB: Doublewrite buffer not found: creating new
2022-10-31 21:39:29 0 [Note] InnoDB: Doublewrite buffer created
2022-10-31 21:39:29 0 [Note] InnoDB: 128 rollback segments are active.
2022-10-31 21:39:29 0 [Note] InnoDB: Creating foreign key constraint system tables.
2022-10-31 21:39:29 0 [Note] InnoDB: Creating tablespace and datafile system tables.
2022-10-31 21:39:29 0 [Note] InnoDB: Creating sys_virtual system tables.
2022-10-31 21:39:29 0 [Note] InnoDB: Creating shared tablespace for temporary tables
2022-10-31 21:39:29 0 [Note] InnoDB: Setting file '.\ibtmp1' size to 12 MB. Physically writing the file full; Please wait ...
2022-10-31 21:39:29 0 [Note] InnoDB: File '.\ibtmp1' size is now 12 MB.
2022-10-31 21:39:29 0 [Note] InnoDB: 10.5.17 started; log sequence number 0; transaction id 7
2022-10-31 21:39:29 0 [Note] Plugin 'FEEDBACK' is disabled.
2022-10-31 21:40:18 0 [Note] InnoDB: Uses event mutexes
2022-10-31 21:40:18 0 [Note] InnoDB: Compressed tables use zlib 1.2.12
2022-10-31 21:40:18 0 [Note] InnoDB: Number of pools: 1
2022-10-31 21:40:18 0 [Note] InnoDB: Using crc32 + pclmulqdq instructions
2022-10-31 21:40:18 0 [Note] InnoDB: Initializing buffer pool, total size = 134217728, chunk size = 134217728
2022-10-31 21:40:18 0 [Note] InnoDB: Completed initialization of buffer pool
2022-10-31 21:40:18 0 [Note] InnoDB: 128 rollback segments are active.
2022-10-31 21:40:18 0 [Note] InnoDB: Creating shared tablespace for temporary tables
2022-10-31 21:40:18 0 [Note] InnoDB: Setting file '.\ibtmp1' size to 12 MB. Physically writing the file full; Please wait ...
2022-10-31 21:40:18 0 [Note] InnoDB: File '.\ibtmp1' size is now 12 MB.
2022-10-31 21:40:18 0 [Note] InnoDB: 10.5.17 started; log sequence number 45106; transaction id 20
2022-10-31 21:40:18 0 [Note] Plugin 'FEEDBACK' is disabled.
2022-10-31 21:40:18 0 [Note] InnoDB: Loading buffer pool(s) from C:\mariadb-10.5.17-winx64\data\ib_buffer_pool
2022-10-31 21:40:18 0 [Note] Server socket created on IP: '::'.
2022-10-31 21:40:18 0 [Note] InnoDB: Buffer pool(s) load completed at 221031 21:40:18
2022-10-31 21:40:18 0 [Note] Reading of all Master_info entries succeeded
2022-10-31 21:40:18 0 [Note] Added new Master_info '' to hash table
2022-10-31 21:40:18 0 [Note] C:\mariadb-10.5.17-winx64\bin\mysqld.exe: ready for connections.
Version: '10.5.17-MariaDB'  socket: ''  port: 3306  mariadb.org binary distribution
2022-10-31 21:46:53 3 [Warning] Aborted connection 3 to db: 'mysql' user: 'root' host: 'localhost' (Got an error reading communication packets)
2022-11-01  5:45:17 5 [Warning] Aborted connection 5 to db: 'mydb' user: 'root' host: 'localhost' (Got timeout reading communication packets)
2022-11-01  5:45:17 6 [Warning] Aborted connection 6 to db: 'mydb' user: 'root' host: 'localhost' (Got timeout reading communication packets)
2022-11-01  5:46:42 8 [Warning] Aborted connection 8 to db: 'mydb' user: 'root' host: 'localhost' (Got timeout reading communication packets)
2022-11-01  6:41:02 0 [Note] C:\mariadb-10.5.17-winx64\bin\mysqld.exe (initiated by: unknown): Normal shutdown
2022-11-01  6:41:02 0 [Note] Event Scheduler: Purging the queue. 0 events
2022-11-01  6:41:02 0 [Note] InnoDB: FTS optimize thread exiting.
2022-11-01  6:41:02 0 [Note] InnoDB: Starting shutdown...
2022-11-01  6:41:02 0 [Note] InnoDB: Dumping buffer pool(s) to C:\mariadb-10.5.17-winx64\data\ib_buffer_pool
2022-11-01  6:41:02 0 [Note] InnoDB: Buffer pool(s) dump completed at 221101  6:41:02
2022-11-01  6:41:02 0 [Note] InnoDB: Removed temporary tablespace data file: "ibtmp1"
2022-11-01  6:41:02 0 [Note] InnoDB: Shutdown completed; log sequence number 47425; transaction id 28
2022-11-01  6:41:02 0 [Note] C:\mariadb-10.5.17-winx64\bin\mysqld.exe: Shutdown complete

2022-11-01  7:32:56 0 [Note] InnoDB: Uses event mutexes
2022-11-01  7:32:56 0 [Note] InnoDB: Compressed tables use zlib 1.2.12
2022-11-01  7:32:56 0 [Note] InnoDB: Number of pools: 1
2022-11-01  7:32:56 0 [Note] InnoDB: Using crc32 + pclmulqdq instructions
2022-11-01  7:32:56 0 [Note] InnoDB: Initializing buffer pool, total size = 134217728, chunk size = 134217728
2022-11-01  7:32:56 0 [Note] InnoDB: Completed initialization of buffer pool
2022-11-01  7:32:56 0 [Note] InnoDB: 128 rollback segments are active.
2022-11-01  7:32:56 0 [Note] InnoDB: Creating shared tablespace for temporary tables
2022-11-01  7:32:56 0 [Note] InnoDB: Setting file '.\ibtmp1' size to 12 MB. Physically writing the file full; Please wait ...
2022-11-01  7:32:56 0 [Note] InnoDB: File '.\ibtmp1' size is now 12 MB.
2022-11-01  7:32:56 0 [Note] InnoDB: 10.5.17 started; log sequence number 47425; transaction id 28
2022-11-01  7:32:56 0 [Note] InnoDB: Loading buffer pool(s) from C:\mariadb-10.5.17-winx64\data\ib_buffer_pool
2022-11-01  7:32:56 0 [Note] Plugin 'FEEDBACK' is disabled.
2022-11-01  7:32:56 0 [Note] InnoDB: Buffer pool(s) load completed at 221101  7:32:56
2022-11-01  7:32:56 0 [Note] Server socket created on IP: '::'.
2022-11-01  7:32:56 0 [Note] Reading of all Master_info entries succeeded
2022-11-01  7:32:56 0 [Note] Added new Master_info '' to hash table
2022-11-01  7:32:56 0 [Note] C:\mariadb-10.5.17-winx64\bin\mysqld.exe: ready for connections.
Version: '10.5.17-MariaDB'  socket: ''  port: 3306  mariadb.org binary distribution
2022-11-01  7:53:25 0 [Note] C:\mariadb-10.5.17-winx64\bin\mysqld.exe (initiated by: unknown): Normal shutdown
2022-11-01  7:53:25 0 [Note] Event Scheduler: Purging the queue. 0 events
2022-11-01  7:53:25 0 [Note] InnoDB: FTS optimize thread exiting.
2022-11-01  7:53:25 0 [Note] InnoDB: Starting shutdown...
2022-11-01  7:53:25 0 [Note] InnoDB: Dumping buffer pool(s) to C:\mariadb-10.5.17-winx64\data\ib_buffer_pool
2022-11-01  7:53:25 0 [Note] InnoDB: Buffer pool(s) dump completed at 221101  7:53:25
2022-11-01  7:53:25 0 [Note] InnoDB: Removed temporary tablespace data file: "ibtmp1"
2022-11-01  7:53:25 0 [Note] InnoDB: Shutdown completed; log sequence number 47437; transaction id 29
2022-11-01  7:53:25 0 [Note] C:\mariadb-10.5.17-winx64\bin\mysqld.exe: Shutdown complete

2022-11-01 21:00:34 0 [Note] InnoDB: Uses event mutexes
2022-11-01 21:00:34 0 [Note] InnoDB: Compressed tables use zlib 1.2.12
2022-11-01 21:00:34 0 [Note] InnoDB: Number of pools: 1
2022-11-01 21:00:34 0 [Note] InnoDB: Using crc32 + pclmulqdq instructions
2022-11-01 21:00:34 0 [Note] InnoDB: Initializing buffer pool, total size = 134217728, chunk size = 134217728
2022-11-01 21:00:34 0 [Note] InnoDB: Completed initialization of buffer pool
2022-11-01 21:00:34 0 [Note] InnoDB: 128 rollback segments are active.
2022-11-01 21:00:34 0 [Note] InnoDB: Creating shared tablespace for temporary tables
2022-11-01 21:00:34 0 [Note] InnoDB: Setting file '.\ibtmp1' size to 12 MB. Physically writing the file full; Please wait ...
2022-11-01 21:00:34 0 [Note] InnoDB: File '.\ibtmp1' size is now 12 MB.
2022-11-01 21:00:34 0 [Note] InnoDB: 10.5.17 started; log sequence number 47437; transaction id 28
2022-11-01 21:00:34 0 [Note] Plugin 'FEEDBACK' is disabled.
2022-11-01 21:00:34 0 [Note] InnoDB: Loading buffer pool(s) from C:\mariadb-10.5.17-winx64\data\ib_buffer_pool
2022-11-01 21:00:34 0 [Note] InnoDB: Buffer pool(s) load completed at 221101 21:00:34
2022-11-01 21:00:34 0 [Note] Server socket created on IP: '::'.
2022-11-01 21:00:35 0 [Note] Reading of all Master_info entries succeeded
2022-11-01 21:00:35 0 [Note] Added new Master_info '' to hash table
2022-11-01 21:00:35 0 [Note] C:\mariadb-10.5.17-winx64\bin\mysqld.exe: ready for connections.
Version: '10.5.17-MariaDB'  socket: ''  port: 3306  mariadb.org binary distribution
2022-11-02  1:47:30 6 [Warning] Aborted connection 6 to db: 'mydb' user: 'root' host: 'localhost' (Got an error reading communication packets)
2022-11-02  7:43:08 8 [Warning] Aborted connection 8 to db: 'mydb' user: 'root' host: 'localhost' (Got an error reading communication packets)
2022-11-02  7:53:08 14 [Warning] Aborted connection 14 to db: 'mydb' user: 'root' host: 'localhost' (Got an error reading communication packets)
2022-11-02  7:53:08 16 [Warning] Aborted connection 16 to db: 'mydb' user: 'root' host: 'localhost' (Got an error reading communication packets)
2022-11-02  7:53:25 0 [Note] C:\mariadb-10.5.17-winx64\bin\mysqld.exe (initiated by: unknown): Normal shutdown
2022-11-02  7:53:25 0 [Note] Event Scheduler: Purging the queue. 0 events
2022-11-02  7:53:25 0 [Note] InnoDB: FTS optimize thread exiting.
2022-11-02  7:53:25 0 [Note] InnoDB: Starting shutdown...
2022-11-02  7:53:25 0 [Note] InnoDB: Dumping buffer pool(s) to C:\mariadb-10.5.17-winx64\data\ib_buffer_pool
2022-11-02  7:53:25 0 [Note] InnoDB: Buffer pool(s) dump completed at 221102  7:53:25
2022-11-02  7:53:25 0 [Note] InnoDB: Removed temporary tablespace data file: "ibtmp1"
2022-11-02  7:53:25 0 [Note] InnoDB: Shutdown completed; log sequence number 47753; transaction id 30
2022-11-02  7:53:25 0 [Note] C:\mariadb-10.5.17-winx64\bin\mysqld.exe: Shutdown complete

2022-11-02 20:32:30 0 [Note] InnoDB: Uses event mutexes
2022-11-02 20:32:30 0 [Note] InnoDB: Compressed tables use zlib 1.2.12
2022-11-02 20:32:30 0 [Note] InnoDB: Number of pools: 1
2022-11-02 20:32:30 0 [Note] InnoDB: Using crc32 + pclmulqdq instructions
2022-11-02 20:32:30 0 [Note] InnoDB: Initializing buffer pool, total size = 134217728, chunk size = 134217728
2022-11-02 20:32:30 0 [Note] InnoDB: Completed initialization of buffer pool
2022-11-02 20:32:30 0 [Note] InnoDB: 128 rollback segments are active.
2022-11-02 20:32:30 0 [Note] InnoDB: Creating shared tablespace for temporary tables
2022-11-02 20:32:30 0 [Note] InnoDB: Setting file '.\ibtmp1' size to 12 MB. Physically writing the file full; Please wait ...
2022-11-02 20:32:30 0 [Note] InnoDB: File '.\ibtmp1' size is now 12 MB.
2022-11-02 20:32:30 0 [Note] InnoDB: 10.5.17 started; log sequence number 47753; transaction id 28
2022-11-02 20:32:30 0 [Note] InnoDB: Loading buffer pool(s) from C:\mariadb-10.5.17-winx64\data\ib_buffer_pool
2022-11-02 20:32:30 0 [Note] Plugin 'FEEDBACK' is disabled.
2022-11-02 20:32:30 0 [Note] InnoDB: Buffer pool(s) load completed at 221102 20:32:30
2022-11-02 20:32:30 0 [Note] Server socket created on IP: '::'.
2022-11-02 20:32:30 0 [Note] Reading of all Master_info entries succeeded
2022-11-02 20:32:30 0 [Note] Added new Master_info '' to hash table
2022-11-02 20:32:30 0 [Note] C:\mariadb-10.5.17-winx64\bin\mysqld.exe: ready for connections.
Version: '10.5.17-MariaDB'  socket: ''  port: 3306  mariadb.org binary distribution
2022-11-03  5:39:41 7 [Warning] Aborted connection 7 to db: 'mydb' user: 'root' host: 'localhost' (Got timeout reading communication packets)
2022-11-03  5:39:41 8 [Warning] Aborted connection 8 to db: 'mydb' user: 'root' host: 'localhost' (Got timeout reading communication packets)
2022-11-03  5:45:33 9 [Warning] Aborted connection 9 to db: 'mydb' user: 'root' host: 'localhost' (Got timeout reading communication packets)
2022-11-03  7:55:42 4 [Warning] Aborted connection 4 to db: 'mydb' user: 'root' host: 'localhost' (Got an error reading communication packets)
2022-11-03  7:55:42 3 [Warning] Aborted connection 3 to db: 'mydb' user: 'root' host: 'localhost' (Got an error reading communication packets)
2022-11-03  7:55:42 13 [Warning] Aborted connection 13 to db: 'mydb' user: 'root' host: 'localhost' (Got an error reading communication packets)
2022-11-03  7:56:10 0 [Note] C:\mariadb-10.5.17-winx64\bin\mysqld.exe (initiated by: unknown): Normal shutdown
2022-11-03  7:56:10 0 [Note] Event Scheduler: Purging the queue. 0 events
2022-11-03  7:56:10 0 [Note] InnoDB: FTS optimize thread exiting.
2022-11-03  7:56:10 0 [Note] InnoDB: Starting shutdown...
2022-11-03  7:56:10 0 [Note] InnoDB: Dumping buffer pool(s) to C:\mariadb-10.5.17-winx64\data\ib_buffer_pool
2022-11-03  7:56:10 0 [Note] InnoDB: Buffer pool(s) dump completed at 221103  7:56:10
2022-11-03  7:56:10 0 [Note] InnoDB: Removed temporary tablespace data file: "ibtmp1"
2022-11-03  7:56:10 0 [Note] InnoDB: Shutdown completed; log sequence number 50596; transaction id 41
2022-11-03  7:56:10 0 [Note] C:\mariadb-10.5.17-winx64\bin\mysqld.exe: Shutdown complete

2022-11-04  0:11:13 0 [Note] InnoDB: Uses event mutexes
2022-11-04  0:11:13 0 [Note] InnoDB: Compressed tables use zlib 1.2.12
2022-11-04  0:11:13 0 [Note] InnoDB: Number of pools: 1
2022-11-04  0:11:13 0 [Note] InnoDB: Using crc32 + pclmulqdq instructions
2022-11-04  0:11:13 0 [Note] InnoDB: Initializing buffer pool, total size = 134217728, chunk size = 134217728
2022-11-04  0:11:13 0 [Note] InnoDB: Completed initialization of buffer pool
2022-11-04  0:11:13 0 [Note] InnoDB: 128 rollback segments are active.
2022-11-04  0:11:13 0 [Note] InnoDB: Creating shared tablespace for temporary tables
2022-11-04  0:11:13 0 [Note] InnoDB: Setting file '.\ibtmp1' size to 12 MB. Physically writing the file full; Please wait ...
2022-11-04  0:11:13 0 [Note] InnoDB: File '.\ibtmp1' size is now 12 MB.
2022-11-04  0:11:13 0 [Note] InnoDB: 10.5.17 started; log sequence number 50596; transaction id 42
2022-11-04  0:11:13 0 [Note] Plugin 'FEEDBACK' is disabled.
2022-11-04  0:11:13 0 [Note] InnoDB: Loading buffer pool(s) from C:\mariadb-10.5.17-winx64\data\ib_buffer_pool
2022-11-04  0:11:13 0 [Note] InnoDB: Buffer pool(s) load completed at 221104  0:11:13
2022-11-04  0:11:13 0 [Note] Server socket created on IP: '::'.
2022-11-04  0:11:13 0 [Note] Reading of all Master_info entries succeeded
2022-11-04  0:11:13 0 [Note] Added new Master_info '' to hash table
2022-11-04  0:11:13 0 [Note] C:\mariadb-10.5.17-winx64\bin\mysqld.exe: ready for connections.
Version: '10.5.17-MariaDB'  socket: ''  port: 3306  mariadb.org binary distribution
2022-11-04  7:51:01 0 [Note] C:\mariadb-10.5.17-winx64\bin\mysqld.exe (initiated by: unknown): Normal shutdown
2022-11-04  7:51:01 0 [Note] Event Scheduler: Purging the queue. 0 events
2022-11-04  7:51:01 0 [Note] InnoDB: FTS optimize thread exiting.
2022-11-04  7:51:01 0 [Note] InnoDB: Starting shutdown...
2022-11-04  7:51:01 0 [Note] InnoDB: Dumping buffer pool(s) to C:\mariadb-10.5.17-winx64\data\ib_buffer_pool
2022-11-04  7:51:01 0 [Note] InnoDB: Buffer pool(s) dump completed at 221104  7:51:01
2022-11-04  7:51:01 0 [Note] InnoDB: Removed temporary tablespace data file: "ibtmp1"
2022-11-04  7:51:01 0 [Note] InnoDB: Shutdown completed; log sequence number 50608; transaction id 43
2022-11-04  7:51:01 0 [Note] C:\mariadb-10.5.17-winx64\bin\mysqld.exe: Shutdown complete

2022-11-04 20:38:52 0 [Note] InnoDB: Uses event mutexes
2022-11-04 20:38:52 0 [Note] InnoDB: Compressed tables use zlib 1.2.12
2022-11-04 20:38:52 0 [Note] InnoDB: Number of pools: 1
2022-11-04 20:38:52 0 [Note] InnoDB: Using crc32 + pclmulqdq instructions
2022-11-04 20:38:52 0 [Note] InnoDB: Initializing buffer pool, total size = 134217728, chunk size = 134217728
2022-11-04 20:38:52 0 [Note] InnoDB: Completed initialization of buffer pool
2022-11-04 20:38:52 0 [Note] InnoDB: 128 rollback segments are active.
2022-11-04 20:38:52 0 [Note] InnoDB: Creating shared tablespace for temporary tables
2022-11-04 20:38:52 0 [Note] InnoDB: Setting file '.\ibtmp1' size to 12 MB. Physically writing the file full; Please wait ...
2022-11-04 20:38:52 0 [Note] InnoDB: File '.\ibtmp1' size is now 12 MB.
2022-11-04 20:38:52 0 [Note] InnoDB: 10.5.17 started; log sequence number 50608; transaction id 42
2022-11-04 20:38:52 0 [Note] Plugin 'FEEDBACK' is disabled.
2022-11-04 20:38:52 0 [Note] InnoDB: Loading buffer pool(s) from C:\mariadb-10.5.17-winx64\data\ib_buffer_pool
2022-11-04 20:38:52 0 [Note] InnoDB: Buffer pool(s) load completed at 221104 20:38:52
2022-11-04 20:38:52 0 [Note] Server socket created on IP: '::'.
2022-11-04 20:38:52 0 [Note] Reading of all Master_info entries succeeded
2022-11-04 20:38:52 0 [Note] Added new Master_info '' to hash table
2022-11-04 20:38:52 0 [Note] C:\mariadb-10.5.17-winx64\bin\mysqld.exe: ready for connections.
Version: '10.5.17-MariaDB'  socket: ''  port: 3306  mariadb.org binary distribution
2022-11-05  0:44:19 0 [Note] C:\mariadb-10.5.17-winx64\bin\mysqld.exe (initiated by: unknown): Normal shutdown
2022-11-05  0:44:19 0 [Note] Event Scheduler: Purging the queue. 0 events
2022-11-05  0:44:19 0 [Note] InnoDB: FTS optimize thread exiting.
2022-11-05  0:44:19 0 [Note] InnoDB: Starting shutdown...
2022-11-05  0:44:19 0 [Note] InnoDB: Dumping buffer pool(s) to C:\mariadb-10.5.17-winx64\data\ib_buffer_pool
2022-11-05  0:44:19 0 [Note] InnoDB: Buffer pool(s) dump completed at 221105  0:44:19
2022-11-05  0:44:19 0 [Note] InnoDB: Removed temporary tablespace data file: "ibtmp1"
2022-11-05  0:44:19 0 [Note] InnoDB: Shutdown completed; log sequence number 50620; transaction id 45
2022-11-05  0:44:19 0 [Note] C:\mariadb-10.5.17-winx64\bin\mysqld.exe: Shutdown complete

2022-11-05  0:44:45 0 [Note] InnoDB: Uses event mutexes
2022-11-05  0:44:45 0 [Note] InnoDB: Compressed tables use zlib 1.2.12
2022-11-05  0:44:45 0 [Note] InnoDB: Number of pools: 1
2022-11-05  0:44:45 0 [Note] InnoDB: Using crc32 + pclmulqdq instructions
2022-11-05  0:44:45 0 [Note] InnoDB: Initializing buffer pool, total size = 134217728, chunk size = 134217728
2022-11-05  0:44:45 0 [Note] InnoDB: Completed initialization of buffer pool
2022-11-05  0:44:45 0 [Note] InnoDB: 128 rollback segments are active.
2022-11-05  0:44:45 0 [Note] InnoDB: Creating shared tablespace for temporary tables
2022-11-05  0:44:45 0 [Note] InnoDB: Setting file '.\ibtmp1' size to 12 MB. Physically writing the file full; Please wait ...
2022-11-05  0:44:45 0 [Note] InnoDB: File '.\ibtmp1' size is now 12 MB.
2022-11-05  0:44:45 0 [Note] InnoDB: 10.5.17 started; log sequence number 50620; transaction id 42
2022-11-05  0:44:45 0 [Note] Plugin 'FEEDBACK' is disabled.
2022-11-05  0:44:45 0 [Note] InnoDB: Loading buffer pool(s) from C:\mariadb-10.5.17-winx64\data\ib_buffer_pool
2022-11-05  0:44:45 0 [Note] InnoDB: Buffer pool(s) load completed at 221105  0:44:45
2022-11-05  0:44:45 0 [Note] Server socket created on IP: '::'.
2022-11-05  0:44:45 0 [Note] Reading of all Master_info entries succeeded
2022-11-05  0:44:45 0 [Note] Added new Master_info '' to hash table
2022-11-05  0:44:45 0 [Note] C:\mariadb-10.5.17-winx64\bin\mysqld.exe: ready for connections.
Version: '10.5.17-MariaDB'  socket: ''  port: 3306  mariadb.org binary distribution
2022-11-06 10:39:23 0 [Note] C:\mariadb-10.5.17-winx64\bin\mysqld.exe (initiated by: unknown): Normal shutdown
2022-11-06 10:39:23 0 [Note] Event Scheduler: Purging the queue. 0 events
2022-11-06 10:39:23 0 [Note] InnoDB: FTS optimize thread exiting.
2022-11-06 10:39:23 0 [Note] InnoDB: Starting shutdown...
2022-11-06 10:39:23 0 [Note] InnoDB: Dumping buffer pool(s) to C:\mariadb-10.5.17-winx64\data\ib_buffer_pool
2022-11-06 10:39:23 0 [Note] InnoDB: Buffer pool(s) dump completed at 221106 10:39:23
2022-11-06 10:39:23 0 [Note] InnoDB: Removed temporary tablespace data file: "ibtmp1"
2022-11-06 10:39:23 0 [Note] InnoDB: Shutdown completed; log sequence number 50632; transaction id 43
2022-11-06 10:39:23 0 [Note] C:\mariadb-10.5.17-winx64\bin\mysqld.exe: Shutdown complete

2022-11-06 11:04:15 0 [Note] InnoDB: Uses event mutexes
2022-11-06 11:04:15 0 [Note] InnoDB: Compressed tables use zlib 1.2.12
2022-11-06 11:04:15 0 [Note] InnoDB: Number of pools: 1
2022-11-06 11:04:15 0 [Note] InnoDB: Using crc32 + pclmulqdq instructions
2022-11-06 11:04:15 0 [Note] InnoDB: Initializing buffer pool, total size = 134217728, chunk size = 134217728
2022-11-06 11:04:15 0 [Note] InnoDB: Completed initialization of buffer pool
2022-11-06 11:04:15 0 [Note] InnoDB: 128 rollback segments are active.
2022-11-06 11:04:15 0 [Note] InnoDB: Creating shared tablespace for temporary tables
2022-11-06 11:04:15 0 [Note] InnoDB: Setting file '.\ibtmp1' size to 12 MB. Physically writing the file full; Please wait ...
2022-11-06 11:04:15 0 [Note] InnoDB: File '.\ibtmp1' size is now 12 MB.
2022-11-06 11:04:15 0 [Note] InnoDB: 10.5.17 started; log sequence number 50632; transaction id 42
2022-11-06 11:04:15 0 [Note] Plugin 'FEEDBACK' is disabled.
2022-11-06 11:04:15 0 [Note] InnoDB: Loading buffer pool(s) from C:\mariadb-10.5.17-winx64\data\ib_buffer_pool
2022-11-06 11:04:15 0 [Note] InnoDB: Buffer pool(s) load completed at 221106 11:04:15
2022-11-06 11:04:15 0 [Note] Server socket created on IP: '::'.
2022-11-06 11:04:15 0 [Note] Reading of all Master_info entries succeeded
2022-11-06 11:04:15 0 [Note] Added new Master_info '' to hash table
2022-11-06 11:04:15 0 [Note] C:\mariadb-10.5.17-winx64\bin\mysqld.exe: ready for connections.
Version: '10.5.17-MariaDB'  socket: ''  port: 3306  mariadb.org binary distribution
2022-11-06 12:13:22 0 [Note] C:\mariadb-10.5.17-winx64\bin\mysqld.exe (initiated by: unknown): Normal shutdown
2022-11-06 12:13:22 0 [Note] Event Scheduler: Purging the queue. 0 events
2022-11-06 12:13:22 0 [Note] InnoDB: FTS optimize thread exiting.
2022-11-06 12:13:22 0 [Note] InnoDB: Starting shutdown...
2022-11-06 12:13:22 0 [Note] InnoDB: Dumping buffer pool(s) to C:\mariadb-10.5.17-winx64\data\ib_buffer_pool
2022-11-06 12:13:22 0 [Note] InnoDB: Buffer pool(s) dump completed at 221106 12:13:22
2022-11-06 12:13:22 0 [Note] InnoDB: Removed temporary tablespace data file: "ibtmp1"
2022-11-06 12:13:22 0 [Note] InnoDB: Shutdown completed; log sequence number 50644; transaction id 43
2022-11-06 12:13:22 0 [Note] C:\mariadb-10.5.17-winx64\bin\mysqld.exe: Shutdown complete

2022-11-06 21:34:47 0 [Note] InnoDB: Uses event mutexes
2022-11-06 21:34:47 0 [Note] InnoDB: Compressed tables use zlib 1.2.12
2022-11-06 21:34:47 0 [Note] InnoDB: Number of pools: 1
2022-11-06 21:34:47 0 [Note] InnoDB: Using crc32 + pclmulqdq instructions
2022-11-06 21:34:47 0 [Note] InnoDB: Initializing buffer pool, total size = 134217728, chunk size = 134217728
2022-11-06 21:34:47 0 [Note] InnoDB: Completed initialization of buffer pool
2022-11-06 21:34:47 0 [Note] InnoDB: 128 rollback segments are active.
2022-11-06 21:34:47 0 [Note] InnoDB: Creating shared tablespace for temporary tables
2022-11-06 21:34:47 0 [Note] InnoDB: Setting file '.\ibtmp1' size to 12 MB. Physically writing the file full; Please wait ...
2022-11-06 21:34:47 0 [Note] InnoDB: File '.\ibtmp1' size is now 12 MB.
2022-11-06 21:34:47 0 [Note] InnoDB: 10.5.17 started; log sequence number 50644; transaction id 42
2022-11-06 21:34:47 0 [Note] Plugin 'FEEDBACK' is disabled.
2022-11-06 21:34:47 0 [Note] InnoDB: Loading buffer pool(s) from C:\mariadb-10.5.17-winx64\data\ib_buffer_pool
2022-11-06 21:34:47 0 [Note] InnoDB: Buffer pool(s) load completed at 221106 21:34:47
2022-11-06 21:34:47 0 [Note] Server socket created on IP: '::'.
2022-11-06 21:34:47 0 [Note] Reading of all Master_info entries succeeded
2022-11-06 21:34:47 0 [Note] Added new Master_info '' to hash table
2022-11-06 21:34:47 0 [Note] C:\mariadb-10.5.17-winx64\bin\mysqld.exe: ready for connections.
Version: '10.5.17-MariaDB'  socket: ''  port: 3306  mariadb.org binary distribution
2022-11-07  7:08:16 126 [Warning] Aborted connection 126 to db: 'mydb' user: 'root' host: 'localhost' (Got an error reading communication packets)
2022-11-07  7:08:16 127 [Warning] Aborted connection 127 to db: 'mydb' user: 'root' host: 'localhost' (Got an error reading communication packets)
2022-11-07  7:08:16 132 [Warning] Aborted connection 132 to db: 'mydb' user: 'root' host: 'localhost' (Got an error reading communication packets)
2022-11-07  7:08:16 133 [Warning] Aborted connection 133 to db: 'mydb' user: 'root' host: 'localhost' (Got an error reading communication packets)
2022-11-07  7:08:16 131 [Warning] Aborted connection 131 to db: 'mydb' user: 'root' host: 'localhost' (Got an error reading communication packets)
2022-11-07  7:08:16 134 [Warning] Aborted connection 134 to db: 'mydb' user: 'root' host: 'localhost' (Got an error reading communication packets)
2022-11-07  7:08:16 128 [Warning] Aborted connection 128 to db: 'mydb' user: 'root' host: 'localhost' (Got an error reading communication packets)
2022-11-07  7:08:16 135 [Warning] Aborted connection 135 to db: 'mydb' user: 'root' host: 'localhost' (Got an error reading communication packets)
2022-11-07  7:08:16 130 [Warning] Aborted connection 130 to db: 'mydb' user: 'root' host: 'localhost' (Got an error reading communication packets)
2022-11-07  7:08:16 129 [Warning] Aborted connection 129 to db: 'mydb' user: 'root' host: 'localhost' (Got an error reading communication packets)
2022-11-07  7:08:46 0 [Note] C:\mariadb-10.5.17-winx64\bin\mysqld.exe (initiated by: unknown): Normal shutdown
2022-11-07  7:08:46 0 [Note] Event Scheduler: Purging the queue. 0 events
2022-11-07  7:08:46 0 [Note] InnoDB: FTS optimize thread exiting.
2022-11-07  7:08:46 0 [Note] InnoDB: Starting shutdown...
2022-11-07  7:08:46 0 [Note] InnoDB: Dumping buffer pool(s) to C:\mariadb-10.5.17-winx64\data\ib_buffer_pool
2022-11-07  7:08:46 0 [Note] InnoDB: Buffer pool(s) dump completed at 221107  7:08:46
2022-11-07  7:08:47 0 [Note] InnoDB: Removed temporary tablespace data file: "ibtmp1"
2022-11-07  7:08:47 0 [Note] InnoDB: Shutdown completed; log sequence number 57782; transaction id 72
2022-11-07  7:08:47 0 [Note] C:\mariadb-10.5.17-winx64\bin\mysqld.exe: Shutdown complete

2022-11-07 20:31:00 0 [Note] InnoDB: Uses event mutexes
2022-11-07 20:31:00 0 [Note] InnoDB: Compressed tables use zlib 1.2.12
2022-11-07 20:31:00 0 [Note] InnoDB: Number of pools: 1
2022-11-07 20:31:00 0 [Note] InnoDB: Using crc32 + pclmulqdq instructions
2022-11-07 20:31:00 0 [Note] InnoDB: Initializing buffer pool, total size = 134217728, chunk size = 134217728
2022-11-07 20:31:00 0 [Note] InnoDB: Completed initialization of buffer pool
2022-11-07 20:31:00 0 [Note] InnoDB: 128 rollback segments are active.
2022-11-07 20:31:00 0 [Note] InnoDB: Creating shared tablespace for temporary tables
2022-11-07 20:31:00 0 [Note] InnoDB: Setting file '.\ibtmp1' size to 12 MB. Physically writing the file full; Please wait ...
2022-11-07 20:31:00 0 [Note] InnoDB: File '.\ibtmp1' size is now 12 MB.
2022-11-07 20:31:00 0 [Note] InnoDB: 10.5.17 started; log sequence number 57782; transaction id 72
2022-11-07 20:31:00 0 [Note] Plugin 'FEEDBACK' is disabled.
2022-11-07 20:31:00 0 [Note] InnoDB: Loading buffer pool(s) from C:\mariadb-10.5.17-winx64\data\ib_buffer_pool
2022-11-07 20:31:00 0 [Note] InnoDB: Buffer pool(s) load completed at 221107 20:31:00
2022-11-07 20:31:00 0 [Note] Server socket created on IP: '::'.
2022-11-07 20:31:00 0 [Note] Reading of all Master_info entries succeeded
2022-11-07 20:31:00 0 [Note] Added new Master_info '' to hash table
2022-11-07 20:31:00 0 [Note] C:\mariadb-10.5.17-winx64\bin\mysqld.exe: ready for connections.
Version: '10.5.17-MariaDB'  socket: ''  port: 3306  mariadb.org binary distribution
2022-11-08  1:01:14 3 [Warning] Aborted connection 3 to db: 'mydb' user: 'root' host: 'localhost' (Got an error reading communication packets)
2022-11-08  1:01:14 4 [Warning] Aborted connection 4 to db: 'mydb' user: 'root' host: 'localhost' (Got an error reading communication packets)
2022-11-08  7:09:34 16 [Warning] Aborted connection 16 to db: 'mydb' user: 'root' host: 'localhost' (Got an error reading communication packets)
2022-11-08  7:09:34 15 [Warning] Aborted connection 15 to db: 'mydb' user: 'root' host: 'localhost' (Got an error reading communication packets)
2022-11-08  7:10:08 0 [Note] C:\mariadb-10.5.17-winx64\bin\mysqld.exe (initiated by: unknown): Normal shutdown
2022-11-08  7:10:08 0 [Note] Event Scheduler: Purging the queue. 0 events
2022-11-08  7:10:08 0 [Note] InnoDB: FTS optimize thread exiting.
2022-11-08  7:10:08 0 [Note] InnoDB: Starting shutdown...
2022-11-08  7:10:08 0 [Note] InnoDB: Dumping buffer pool(s) to C:\mariadb-10.5.17-winx64\data\ib_buffer_pool
2022-11-08  7:10:08 0 [Note] InnoDB: Buffer pool(s) dump completed at 221108  7:10:08
2022-11-08  7:10:08 0 [Note] InnoDB: Removed temporary tablespace data file: "ibtmp1"
2022-11-08  7:10:08 0 [Note] InnoDB: Shutdown completed; log sequence number 58170; transaction id 74
2022-11-08  7:10:08 0 [Note] C:\mariadb-10.5.17-winx64\bin\mysqld.exe: Shutdown complete

2022-11-08 19:31:06 0 [Note] InnoDB: Uses event mutexes
2022-11-08 19:31:06 0 [Note] InnoDB: Compressed tables use zlib 1.2.12
2022-11-08 19:31:06 0 [Note] InnoDB: Number of pools: 1
2022-11-08 19:31:06 0 [Note] InnoDB: Using crc32 + pclmulqdq instructions
2022-11-08 19:31:06 0 [Note] InnoDB: Initializing buffer pool, total size = 134217728, chunk size = 134217728
2022-11-08 19:31:06 0 [Note] InnoDB: Completed initialization of buffer pool
2022-11-08 19:31:06 0 [Note] InnoDB: 128 rollback segments are active.
2022-11-08 19:31:06 0 [Note] InnoDB: Creating shared tablespace for temporary tables
2022-11-08 19:31:06 0 [Note] InnoDB: Setting file '.\ibtmp1' size to 12 MB. Physically writing the file full; Please wait ...
2022-11-08 19:31:06 0 [Note] InnoDB: File '.\ibtmp1' size is now 12 MB.
2022-11-08 19:31:06 0 [Note] InnoDB: 10.5.17 started; log sequence number 58170; transaction id 72
2022-11-08 19:31:06 0 [Note] InnoDB: Loading buffer pool(s) from C:\mariadb-10.5.17-winx64\data\ib_buffer_pool
2022-11-08 19:31:06 0 [Note] Plugin 'FEEDBACK' is disabled.
2022-11-08 19:31:06 0 [Note] InnoDB: Buffer pool(s) load completed at 221108 19:31:06
2022-11-08 19:31:06 0 [Note] Server socket created on IP: '::'.
2022-11-08 19:31:06 0 [Note] Reading of all Master_info entries succeeded
2022-11-08 19:31:06 0 [Note] Added new Master_info '' to hash table
2022-11-08 19:31:06 0 [Note] C:\mariadb-10.5.17-winx64\bin\mysqld.exe: ready for connections.
Version: '10.5.17-MariaDB'  socket: ''  port: 3306  mariadb.org binary distribution
2022-11-09  7:48:56 0 [Note] C:\mariadb-10.5.17-winx64\bin\mysqld.exe (initiated by: unknown): Normal shutdown
2022-11-09  7:48:56 0 [Note] Event Scheduler: Purging the queue. 0 events
2022-11-09  7:48:56 0 [Note] InnoDB: FTS optimize thread exiting.
2022-11-09  7:48:56 0 [Note] InnoDB: Starting shutdown...
2022-11-09  7:48:56 0 [Note] InnoDB: Dumping buffer pool(s) to C:\mariadb-10.5.17-winx64\data\ib_buffer_pool
2022-11-09  7:48:56 0 [Note] InnoDB: Buffer pool(s) dump completed at 221109  7:48:56
2022-11-09  7:48:56 0 [Note] InnoDB: Removed temporary tablespace data file: "ibtmp1"
2022-11-09  7:48:56 0 [Note] InnoDB: Shutdown completed; log sequence number 58182; transaction id 73
2022-11-09  7:48:56 0 [Note] C:\mariadb-10.5.17-winx64\bin\mysqld.exe: Shutdown complete

2022-11-09 20:37:04 0 [Note] InnoDB: Uses event mutexes
2022-11-09 20:37:04 0 [Note] InnoDB: Compressed tables use zlib 1.2.12
2022-11-09 20:37:04 0 [Note] InnoDB: Number of pools: 1
2022-11-09 20:37:04 0 [Note] InnoDB: Using crc32 + pclmulqdq instructions
2022-11-09 20:37:04 0 [Note] InnoDB: Initializing buffer pool, total size = 134217728, chunk size = 134217728
2022-11-09 20:37:04 0 [Note] InnoDB: Completed initialization of buffer pool
2022-11-09 20:37:04 0 [Note] InnoDB: 128 rollback segments are active.
2022-11-09 20:37:04 0 [Note] InnoDB: Creating shared tablespace for temporary tables
2022-11-09 20:37:04 0 [Note] InnoDB: Setting file '.\ibtmp1' size to 12 MB. Physically writing the file full; Please wait ...
2022-11-09 20:37:04 0 [Note] InnoDB: File '.\ibtmp1' size is now 12 MB.
2022-11-09 20:37:04 0 [Note] InnoDB: 10.5.17 started; log sequence number 58182; transaction id 72
2022-11-09 20:37:04 0 [Note] InnoDB: Loading buffer pool(s) from C:\mariadb-10.5.17-winx64\data\ib_buffer_pool
2022-11-09 20:37:04 0 [Note] Plugin 'FEEDBACK' is disabled.
2022-11-09 20:37:04 0 [Note] InnoDB: Buffer pool(s) load completed at 221109 20:37:04
2022-11-09 20:37:04 0 [Note] Server socket created on IP: '::'.
2022-11-09 20:37:04 0 [Note] Reading of all Master_info entries succeeded
2022-11-09 20:37:04 0 [Note] Added new Master_info '' to hash table
2022-11-09 20:37:04 0 [Note] C:\mariadb-10.5.17-winx64\bin\mysqld.exe: ready for connections.
Version: '10.5.17-MariaDB'  socket: ''  port: 3306  mariadb.org binary distribution
2022-11-09 23:09:17 0 [Note] C:\mariadb-10.5.17-winx64\bin\mysqld.exe (initiated by: unknown): Normal shutdown
2022-11-09 23:09:17 0 [Note] Event Scheduler: Purging the queue. 0 events
2022-11-09 23:09:17 0 [Note] InnoDB: FTS optimize thread exiting.
2022-11-09 23:09:17 0 [Note] InnoDB: Starting shutdown...
2022-11-09 23:09:17 0 [Note] InnoDB: Dumping buffer pool(s) to C:\mariadb-10.5.17-winx64\data\ib_buffer_pool
2022-11-09 23:09:17 0 [Note] InnoDB: Buffer pool(s) dump completed at 221109 23:09:17
2022-11-09 23:09:17 0 [Note] InnoDB: Removed temporary tablespace data file: "ibtmp1"
2022-11-09 23:09:17 0 [Note] InnoDB: Shutdown completed; log sequence number 58194; transaction id 73
2022-11-09 23:09:17 0 [Note] C:\mariadb-10.5.17-winx64\bin\mysqld.exe: Shutdown complete

2022-11-09 23:09:46 0 [Note] InnoDB: Uses event mutexes
2022-11-09 23:09:46 0 [Note] InnoDB: Compressed tables use zlib 1.2.12
2022-11-09 23:09:46 0 [Note] InnoDB: Number of pools: 1
2022-11-09 23:09:46 0 [Note] InnoDB: Using crc32 + pclmulqdq instructions
2022-11-09 23:09:46 0 [Note] InnoDB: Initializing buffer pool, total size = 134217728, chunk size = 134217728
2022-11-09 23:09:46 0 [Note] InnoDB: Completed initialization of buffer pool
2022-11-09 23:09:46 0 [Note] InnoDB: 128 rollback segments are active.
2022-11-09 23:09:46 0 [Note] InnoDB: Creating shared tablespace for temporary tables
2022-11-09 23:09:46 0 [Note] InnoDB: Setting file '.\ibtmp1' size to 12 MB. Physically writing the file full; Please wait ...
2022-11-09 23:09:46 0 [Note] InnoDB: File '.\ibtmp1' size is now 12 MB.
2022-11-09 23:09:46 0 [Note] InnoDB: 10.5.17 started; log sequence number 58194; transaction id 72
2022-11-09 23:09:46 0 [Note] InnoDB: Loading buffer pool(s) from C:\mariadb-10.5.17-winx64\data\ib_buffer_pool
2022-11-09 23:09:46 0 [Note] Plugin 'FEEDBACK' is disabled.
2022-11-09 23:09:46 0 [Note] InnoDB: Buffer pool(s) load completed at 221109 23:09:46
2022-11-09 23:09:46 0 [Note] Server socket created on IP: '::'.
2022-11-09 23:09:46 0 [Note] Reading of all Master_info entries succeeded
2022-11-09 23:09:46 0 [Note] Added new Master_info '' to hash table
2022-11-09 23:09:46 0 [Note] C:\mariadb-10.5.17-winx64\bin\mysqld.exe: ready for connections.
Version: '10.5.17-MariaDB'  socket: ''  port: 3306  mariadb.org binary distribution
2022-11-10  6:59:48 0 [Note] C:\mariadb-10.5.17-winx64\bin\mysqld.exe (initiated by: unknown): Normal shutdown
2022-11-10  6:59:48 0 [Note] Event Scheduler: Purging the queue. 0 events
2022-11-10  6:59:48 0 [Note] InnoDB: FTS optimize thread exiting.
2022-11-10  6:59:48 0 [Note] InnoDB: Starting shutdown...
2022-11-10  6:59:48 0 [Note] InnoDB: Dumping buffer pool(s) to C:\mariadb-10.5.17-winx64\data\ib_buffer_pool
2022-11-10  6:59:48 0 [Note] InnoDB: Buffer pool(s) dump completed at 221110  6:59:48
2022-11-10  6:59:48 0 [Note] InnoDB: Removed temporary tablespace data file: "ibtmp1"
2022-11-10  6:59:48 0 [Note] InnoDB: Shutdown completed; log sequence number 58206; transaction id 73
2022-11-10  6:59:48 0 [Note] C:\mariadb-10.5.17-winx64\bin\mysqld.exe: Shutdown complete

2022-11-13 20:28:28 0 [Note] InnoDB: Uses event mutexes
2022-11-13 20:28:28 0 [Note] InnoDB: Compressed tables use zlib 1.2.12
2022-11-13 20:28:28 0 [Note] InnoDB: Number of pools: 1
2022-11-13 20:28:28 0 [Note] InnoDB: Using crc32 + pclmulqdq instructions
2022-11-13 20:28:28 0 [Note] InnoDB: Initializing buffer pool, total size = 134217728, chunk size = 134217728
2022-11-13 20:28:28 0 [Note] InnoDB: Completed initialization of buffer pool
2022-11-13 20:28:28 0 [Note] InnoDB: 128 rollback segments are active.
2022-11-13 20:28:28 0 [Note] InnoDB: Creating shared tablespace for temporary tables
2022-11-13 20:28:28 0 [Note] InnoDB: Setting file '.\ibtmp1' size to 12 MB. Physically writing the file full; Please wait ...
2022-11-13 20:28:28 0 [Note] InnoDB: File '.\ibtmp1' size is now 12 MB.
2022-11-13 20:28:28 0 [Note] InnoDB: 10.5.17 started; log sequence number 58206; transaction id 72
2022-11-13 20:28:28 0 [Note] InnoDB: Loading buffer pool(s) from C:\mariadb-10.5.17-winx64\data\ib_buffer_pool
2022-11-13 20:28:28 0 [Note] Plugin 'FEEDBACK' is disabled.
2022-11-13 20:28:28 0 [Note] InnoDB: Buffer pool(s) load completed at 221113 20:28:28
2022-11-13 20:28:28 0 [Note] Server socket created on IP: '::'.
2022-11-13 20:28:28 0 [Note] Reading of all Master_info entries succeeded
2022-11-13 20:28:28 0 [Note] Added new Master_info '' to hash table
2022-11-13 20:28:28 0 [Note] C:\mariadb-10.5.17-winx64\bin\mysqld.exe: ready for connections.
Version: '10.5.17-MariaDB'  socket: ''  port: 3306  mariadb.org binary distribution
2022-11-14  1:33:41 0 [Note] C:\mariadb-10.5.17-winx64\bin\mysqld.exe (initiated by: unknown): Normal shutdown
2022-11-14  1:33:41 0 [Note] Event Scheduler: Purging the queue. 0 events
2022-11-14  1:33:41 0 [Note] InnoDB: FTS optimize thread exiting.
2022-11-14  1:33:41 0 [Note] InnoDB: Starting shutdown...
2022-11-14  1:33:41 0 [Note] InnoDB: Dumping buffer pool(s) to C:\mariadb-10.5.17-winx64\data\ib_buffer_pool
2022-11-14  1:33:41 0 [Note] InnoDB: Buffer pool(s) dump completed at 221114  1:33:41
2022-11-14  1:33:42 0 [Note] InnoDB: Removed temporary tablespace data file: "ibtmp1"
2022-11-14  1:33:42 0 [Note] InnoDB: Shutdown completed; log sequence number 58218; transaction id 73
2022-11-14  1:33:42 0 [Note] C:\mariadb-10.5.17-winx64\bin\mysqld.exe: Shutdown complete

2022-11-14  1:34:09 0 [Note] InnoDB: Uses event mutexes
2022-11-14  1:34:09 0 [Note] InnoDB: Compressed tables use zlib 1.2.12
2022-11-14  1:34:09 0 [Note] InnoDB: Number of pools: 1
2022-11-14  1:34:09 0 [Note] InnoDB: Using crc32 + pclmulqdq instructions
2022-11-14  1:34:09 0 [Note] InnoDB: Initializing buffer pool, total size = 134217728, chunk size = 134217728
2022-11-14  1:34:09 0 [Note] InnoDB: Completed initialization of buffer pool
2022-11-14  1:34:09 0 [Note] InnoDB: 128 rollback segments are active.
2022-11-14  1:34:09 0 [Note] InnoDB: Creating shared tablespace for temporary tables
2022-11-14  1:34:09 0 [Note] InnoDB: Setting file '.\ibtmp1' size to 12 MB. Physically writing the file full; Please wait ...
2022-11-14  1:34:09 0 [Note] InnoDB: File '.\ibtmp1' size is now 12 MB.
2022-11-14  1:34:09 0 [Note] InnoDB: 10.5.17 started; log sequence number 58218; transaction id 72
2022-11-14  1:34:09 0 [Note] InnoDB: Loading buffer pool(s) from C:\mariadb-10.5.17-winx64\data\ib_buffer_pool
2022-11-14  1:34:09 0 [Note] Plugin 'FEEDBACK' is disabled.
2022-11-14  1:34:09 0 [Note] InnoDB: Buffer pool(s) load completed at 221114  1:34:09
2022-11-14  1:34:09 0 [Note] Server socket created on IP: '::'.
2022-11-14  1:34:09 0 [Note] Reading of all Master_info entries succeeded
2022-11-14  1:34:09 0 [Note] Added new Master_info '' to hash table
2022-11-14  1:34:09 0 [Note] C:\mariadb-10.5.17-winx64\bin\mysqld.exe: ready for connections.
Version: '10.5.17-MariaDB'  socket: ''  port: 3306  mariadb.org binary distribution
2022-11-15  2:25:29 0 [Note] C:\mariadb-10.5.17-winx64\bin\mysqld.exe (initiated by: unknown): Normal shutdown
2022-11-15  2:25:29 0 [Note] Event Scheduler: Purging the queue. 0 events
2022-11-15  2:25:29 0 [Note] InnoDB: FTS optimize thread exiting.
2022-11-15  2:25:29 0 [Note] InnoDB: Starting shutdown...
2022-11-15  2:25:29 0 [Note] InnoDB: Dumping buffer pool(s) to C:\mariadb-10.5.17-winx64\data\ib_buffer_pool
2022-11-15  2:25:29 0 [Note] InnoDB: Buffer pool(s) dump completed at 221115  2:25:29
2022-11-15  2:25:30 0 [Note] InnoDB: Removed temporary tablespace data file: "ibtmp1"
2022-11-15  2:25:30 0 [Note] InnoDB: Shutdown completed; log sequence number 58230; transaction id 73
2022-11-15  2:25:30 0 [Note] C:\mariadb-10.5.17-winx64\bin\mysqld.exe: Shutdown complete

2022-11-15 20:46:38 0 [Note] InnoDB: Uses event mutexes
2022-11-15 20:46:38 0 [Note] InnoDB: Compressed tables use zlib 1.2.12
2022-11-15 20:46:38 0 [Note] InnoDB: Number of pools: 1
2022-11-15 20:46:38 0 [Note] InnoDB: Using crc32 + pclmulqdq instructions
2022-11-15 20:46:38 0 [Note] InnoDB: Initializing buffer pool, total size = 134217728, chunk size = 134217728
2022-11-15 20:46:38 0 [Note] InnoDB: Completed initialization of buffer pool
2022-11-15 20:46:38 0 [Note] InnoDB: 128 rollback segments are active.
2022-11-15 20:46:38 0 [Note] InnoDB: Creating shared tablespace for temporary tables
2022-11-15 20:46:38 0 [Note] InnoDB: Setting file '.\ibtmp1' size to 12 MB. Physically writing the file full; Please wait ...
2022-11-15 20:46:38 0 [Note] InnoDB: File '.\ibtmp1' size is now 12 MB.
2022-11-15 20:46:38 0 [Note] InnoDB: 10.5.17 started; log sequence number 58230; transaction id 72
2022-11-15 20:46:38 0 [Note] InnoDB: Loading buffer pool(s) from C:\mariadb-10.5.17-winx64\data\ib_buffer_pool
2022-11-15 20:46:38 0 [Note] Plugin 'FEEDBACK' is disabled.
2022-11-15 20:46:38 0 [Note] InnoDB: Buffer pool(s) load completed at 221115 20:46:38
2022-11-15 20:46:38 0 [Note] Server socket created on IP: '::'.
2022-11-15 20:46:38 0 [Note] Reading of all Master_info entries succeeded
2022-11-15 20:46:38 0 [Note] Added new Master_info '' to hash table
2022-11-15 20:46:38 0 [Note] C:\mariadb-10.5.17-winx64\bin\mysqld.exe: ready for connections.
Version: '10.5.17-MariaDB'  socket: ''  port: 3306  mariadb.org binary distribution
2022-11-16  8:00:40 0 [Note] C:\mariadb-10.5.17-winx64\bin\mysqld.exe (initiated by: unknown): Normal shutdown
2022-11-16  8:00:40 0 [Note] Event Scheduler: Purging the queue. 0 events
2022-11-16  8:00:40 0 [Note] InnoDB: FTS optimize thread exiting.
2022-11-16  8:00:40 0 [Note] InnoDB: Starting shutdown...
2022-11-16  8:00:40 0 [Note] InnoDB: Dumping buffer pool(s) to C:\mariadb-10.5.17-winx64\data\ib_buffer_pool
2022-11-16  8:00:40 0 [Note] InnoDB: Buffer pool(s) dump completed at 221116  8:00:40
2022-11-16  8:00:40 0 [Note] InnoDB: Removed temporary tablespace data file: "ibtmp1"
2022-11-16  8:00:40 0 [Note] InnoDB: Shutdown completed; log sequence number 58242; transaction id 73
2022-11-16  8:00:40 0 [Note] C:\mariadb-10.5.17-winx64\bin\mysqld.exe: Shutdown complete

2022-11-16 19:28:54 0 [Note] InnoDB: Uses event mutexes
2022-11-16 19:28:54 0 [Note] InnoDB: Compressed tables use zlib 1.2.12
2022-11-16 19:28:54 0 [Note] InnoDB: Number of pools: 1
2022-11-16 19:28:54 0 [Note] InnoDB: Using crc32 + pclmulqdq instructions
2022-11-16 19:28:54 0 [Note] InnoDB: Initializing buffer pool, total size = 134217728, chunk size = 134217728
2022-11-16 19:28:54 0 [Note] InnoDB: Completed initialization of buffer pool
2022-11-16 19:28:54 0 [Note] InnoDB: 128 rollback segments are active.
2022-11-16 19:28:54 0 [Note] InnoDB: Creating shared tablespace for temporary tables
2022-11-16 19:28:54 0 [Note] InnoDB: Setting file '.\ibtmp1' size to 12 MB. Physically writing the file full; Please wait ...
2022-11-16 19:28:54 0 [Note] InnoDB: File '.\ibtmp1' size is now 12 MB.
2022-11-16 19:28:54 0 [Note] InnoDB: 10.5.17 started; log sequence number 58242; transaction id 72
2022-11-16 19:28:54 0 [Note] InnoDB: Loading buffer pool(s) from C:\mariadb-10.5.17-winx64\data\ib_buffer_pool
2022-11-16 19:28:54 0 [Note] Plugin 'FEEDBACK' is disabled.
2022-11-16 19:28:54 0 [Note] InnoDB: Buffer pool(s) load completed at 221116 19:28:54
2022-11-16 19:28:54 0 [Note] Server socket created on IP: '::'.
2022-11-16 19:28:54 0 [Note] Reading of all Master_info entries succeeded
2022-11-16 19:28:54 0 [Note] Added new Master_info '' to hash table
2022-11-16 19:28:54 0 [Note] C:\mariadb-10.5.17-winx64\bin\mysqld.exe: ready for connections.
Version: '10.5.17-MariaDB'  socket: ''  port: 3306  mariadb.org binary distribution
2022-11-17  1:37:48 0 [Note] C:\mariadb-10.5.17-winx64\bin\mysqld.exe (initiated by: unknown): Normal shutdown
2022-11-17  1:37:48 0 [Note] Event Scheduler: Purging the queue. 0 events
2022-11-17  1:37:48 0 [Note] InnoDB: FTS optimize thread exiting.
2022-11-17  1:37:48 0 [Note] InnoDB: Starting shutdown...
2022-11-17  1:37:48 0 [Note] InnoDB: Dumping buffer pool(s) to C:\mariadb-10.5.17-winx64\data\ib_buffer_pool
2022-11-17  1:37:49 0 [Note] InnoDB: Buffer pool(s) dump completed at 221117  1:37:49
2022-11-17  1:37:49 0 [Note] InnoDB: Removed temporary tablespace data file: "ibtmp1"
2022-11-17  1:37:49 0 [Note] InnoDB: Shutdown completed; log sequence number 58254; transaction id 73
2022-11-17  1:37:49 0 [Note] C:\mariadb-10.5.17-winx64\bin\mysqld.exe: Shutdown complete

2022-11-17 21:55:05 0 [Note] InnoDB: Uses event mutexes
2022-11-17 21:55:05 0 [Note] InnoDB: Compressed tables use zlib 1.2.12
2022-11-17 21:55:05 0 [Note] InnoDB: Number of pools: 1
2022-11-17 21:55:05 0 [Note] InnoDB: Using crc32 + pclmulqdq instructions
2022-11-17 21:55:05 0 [Note] InnoDB: Initializing buffer pool, total size = 134217728, chunk size = 134217728
2022-11-17 21:55:05 0 [Note] InnoDB: Completed initialization of buffer pool
2022-11-17 21:55:05 0 [Note] InnoDB: 128 rollback segments are active.
2022-11-17 21:55:05 0 [Note] InnoDB: Creating shared tablespace for temporary tables
2022-11-17 21:55:05 0 [Note] InnoDB: Setting file '.\ibtmp1' size to 12 MB. Physically writing the file full; Please wait ...
2022-11-17 21:55:05 0 [Note] InnoDB: File '.\ibtmp1' size is now 12 MB.
2022-11-17 21:55:05 0 [Note] InnoDB: 10.5.17 started; log sequence number 58254; transaction id 72
2022-11-17 21:55:05 0 [Note] InnoDB: Loading buffer pool(s) from C:\mariadb-10.5.17-winx64\data\ib_buffer_pool
2022-11-17 21:55:05 0 [Note] Plugin 'FEEDBACK' is disabled.
2022-11-17 21:55:05 0 [Note] InnoDB: Buffer pool(s) load completed at 221117 21:55:05
2022-11-17 21:55:05 0 [Note] Server socket created on IP: '::'.
2022-11-17 21:55:05 0 [Note] Reading of all Master_info entries succeeded
2022-11-17 21:55:05 0 [Note] Added new Master_info '' to hash table
2022-11-17 21:55:05 0 [Note] C:\mariadb-10.5.17-winx64\bin\mysqld.exe: ready for connections.
Version: '10.5.17-MariaDB'  socket: ''  port: 3306  mariadb.org binary distribution
2022-11-18  7:15:55 0 [Note] C:\mariadb-10.5.17-winx64\bin\mysqld.exe (initiated by: unknown): Normal shutdown
2022-11-18  7:15:55 0 [Note] Event Scheduler: Purging the queue. 0 events
2022-11-18  7:15:55 0 [Note] InnoDB: FTS optimize thread exiting.
2022-11-18  7:15:55 0 [Note] InnoDB: Starting shutdown...
2022-11-18  7:15:55 0 [Note] InnoDB: Dumping buffer pool(s) to C:\mariadb-10.5.17-winx64\data\ib_buffer_pool
2022-11-18  7:15:55 0 [Note] InnoDB: Buffer pool(s) dump completed at 221118  7:15:55
2022-11-18  7:15:55 0 [Note] InnoDB: Removed temporary tablespace data file: "ibtmp1"
2022-11-18  7:15:55 0 [Note] InnoDB: Shutdown completed; log sequence number 58266; transaction id 73
2022-11-18  7:15:55 0 [Note] C:\mariadb-10.5.17-winx64\bin\mysqld.exe: Shutdown complete

2022-11-18 19:20:25 0 [Note] InnoDB: Uses event mutexes
2022-11-18 19:20:25 0 [Note] InnoDB: Compressed tables use zlib 1.2.12
2022-11-18 19:20:25 0 [Note] InnoDB: Number of pools: 1
2022-11-18 19:20:25 0 [Note] InnoDB: Using crc32 + pclmulqdq instructions
2022-11-18 19:20:25 0 [Note] InnoDB: Initializing buffer pool, total size = 134217728, chunk size = 134217728
2022-11-18 19:20:25 0 [Note] InnoDB: Completed initialization of buffer pool
2022-11-18 19:20:25 0 [Note] InnoDB: 128 rollback segments are active.
2022-11-18 19:20:25 0 [Note] InnoDB: Creating shared tablespace for temporary tables
2022-11-18 19:20:25 0 [Note] InnoDB: Setting file '.\ibtmp1' size to 12 MB. Physically writing the file full; Please wait ...
2022-11-18 19:20:25 0 [Note] InnoDB: File '.\ibtmp1' size is now 12 MB.
2022-11-18 19:20:25 0 [Note] InnoDB: 10.5.17 started; log sequence number 58266; transaction id 72
2022-11-18 19:20:25 0 [Note] InnoDB: Loading buffer pool(s) from C:\mariadb-10.5.17-winx64\data\ib_buffer_pool
2022-11-18 19:20:25 0 [Note] Plugin 'FEEDBACK' is disabled.
2022-11-18 19:20:25 0 [Note] InnoDB: Buffer pool(s) load completed at 221118 19:20:25
2022-11-18 19:20:25 0 [Note] Server socket created on IP: '::'.
2022-11-18 19:20:25 0 [Note] Reading of all Master_info entries succeeded
2022-11-18 19:20:25 0 [Note] Added new Master_info '' to hash table
2022-11-18 19:20:25 0 [Note] C:\mariadb-10.5.17-winx64\bin\mysqld.exe: ready for connections.
Version: '10.5.17-MariaDB'  socket: ''  port: 3306  mariadb.org binary distribution
2022-11-20 19:09:40 8 [Warning] Aborted connection 8 to db: 'mydb' user: 'root' host: 'localhost' (Got an error reading communication packets)
2022-11-20 19:09:40 6 [Warning] Aborted connection 6 to db: 'mydb' user: 'root' host: 'localhost' (Got an error reading communication packets)
2022-11-20 19:09:40 11 [Warning] Aborted connection 11 to db: 'mydb' user: 'root' host: 'localhost' (Got an error reading communication packets)
2022-11-20 19:09:40 12 [Warning] Aborted connection 12 to db: 'mydb' user: 'root' host: 'localhost' (Got an error reading communication packets)
2022-11-20 19:09:40 3 [Warning] Aborted connection 3 to db: 'mydb' user: 'root' host: 'localhost' (Got an error reading communication packets)
2022-11-20 19:09:40 5 [Warning] Aborted connection 5 to db: 'mydb' user: 'root' host: 'localhost' (Got an error reading communication packets)
2022-11-20 19:09:40 4 [Warning] Aborted connection 4 to db: 'mydb' user: 'root' host: 'localhost' (Got an error reading communication packets)
2022-11-20 19:09:40 7 [Warning] Aborted connection 7 to db: 'mydb' user: 'root' host: 'localhost' (Got an error reading communication packets)
2022-11-20 19:09:40 9 [Warning] Aborted connection 9 to db: 'mydb' user: 'root' host: 'localhost' (Got an error reading communication packets)
2022-11-20 19:09:40 10 [Warning] Aborted connection 10 to db: 'mydb' user: 'root' host: 'localhost' (Got an error reading communication packets)
2022-11-20 19:52:48 30 [Warning] Aborted connection 30 to db: 'mydb' user: 'root' host: 'localhost' (Got an error reading communication packets)
2022-11-20 19:52:48 33 [Warning] Aborted connection 33 to db: 'mydb' user: 'root' host: 'localhost' (Got an error reading communication packets)
2022-11-20 19:52:48 29 [Warning] Aborted connection 29 to db: 'mydb' user: 'root' host: 'localhost' (Got an error reading communication packets)
2022-11-20 19:52:48 32 [Warning] Aborted connection 32 to db: 'mydb' user: 'root' host: 'localhost' (Got an error reading communication packets)
2022-11-20 19:52:48 31 [Warning] Aborted connection 31 to db: 'mydb' user: 'root' host: 'localhost' (Got an error reading communication packets)
2022-11-20 19:52:48 28 [Warning] Aborted connection 28 to db: 'mydb' user: 'root' host: 'localhost' (Got an error reading communication packets)
2022-11-20 19:52:48 27 [Warning] Aborted connection 27 to db: 'mydb' user: 'root' host: 'localhost' (Got an error reading communication packets)
2022-11-20 19:52:48 26 [Warning] Aborted connection 26 to db: 'mydb' user: 'root' host: 'localhost' (Got an error reading communication packets)
2022-11-20 19:52:48 35 [Warning] Aborted connection 35 to db: 'mydb' user: 'root' host: 'localhost' (Got an error reading communication packets)
2022-11-20 19:52:48 34 [Warning] Aborted connection 34 to db: 'mydb' user: 'root' host: 'localhost' (Got an error reading communication packets)
2022-11-20 21:34:42 67 [Warning] Aborted connection 67 to db: 'mydb' user: 'root' host: 'localhost' (Got an error reading communication packets)
2022-11-20 21:34:42 70 [Warning] Aborted connection 70 to db: 'mydb' user: 'root' host: 'localhost' (Got an error reading communication packets)
2022-11-20 21:34:42 71 [Warning] Aborted connection 71 to db: 'mydb' user: 'root' host: 'localhost' (Got an error reading communication packets)
2022-11-20 21:34:42 69 [Warning] Aborted connection 69 to db: 'mydb' user: 'root' host: 'localhost' (Got an error reading communication packets)
2022-11-20 21:34:42 66 [Warning] Aborted connection 66 to db: 'mydb' user: 'root' host: 'localhost' (Got an error reading communication packets)
2022-11-20 21:34:42 68 [Warning] Aborted connection 68 to db: 'mydb' user: 'root' host: 'localhost' (Got an error reading communication packets)
2022-11-20 21:34:42 73 [Warning] Aborted connection 73 to db: 'mydb' user: 'root' host: 'localhost' (Got an error reading communication packets)
2022-11-20 21:34:42 74 [Warning] Aborted connection 74 to db: 'mydb' user: 'root' host: 'localhost' (Got an error reading communication packets)
2022-11-20 21:34:42 75 [Warning] Aborted connection 75 to db: 'mydb' user: 'root' host: 'localhost' (Got an error reading communication packets)
2022-11-20 21:34:42 72 [Warning] Aborted connection 72 to db: 'mydb' user: 'root' host: 'localhost' (Got an error reading communication packets)
2022-11-21  1:07:18 140 [Warning] Aborted connection 140 to db: 'mydb' user: 'root' host: 'localhost' (Got an error reading communication packets)
2022-11-21  1:07:18 142 [Warning] Aborted connection 142 to db: 'mydb' user: 'root' host: 'localhost' (Got an error reading communication packets)
2022-11-21  1:07:18 138 [Warning] Aborted connection 138 to db: 'mydb' user: 'root' host: 'localhost' (Got an error reading communication packets)
2022-11-21  1:07:18 143 [Warning] Aborted connection 143 to db: 'mydb' user: 'root' host: 'localhost' (Got an error reading communication packets)
2022-11-21  1:07:18 145 [Warning] Aborted connection 145 to db: 'mydb' user: 'root' host: 'localhost' (Got an error reading communication packets)
2022-11-21  1:07:18 144 [Warning] Aborted connection 144 to db: 'mydb' user: 'root' host: 'localhost' (Got an error reading communication packets)
2022-11-21  1:07:18 139 [Warning] Aborted connection 139 to db: 'mydb' user: 'root' host: 'localhost' (Got an error reading communication packets)
2022-11-21  1:07:18 136 [Warning] Aborted connection 136 to db: 'mydb' user: 'root' host: 'localhost' (Got an error reading communication packets)
2022-11-21  1:07:18 141 [Warning] Aborted connection 141 to db: 'mydb' user: 'root' host: 'localhost' (Got an error reading communication packets)
2022-11-21  1:07:18 137 [Warning] Aborted connection 137 to db: 'mydb' user: 'root' host: 'localhost' (Got an error reading communication packets)
2022-11-21  1:20:48 146 [Warning] Aborted connection 146 to db: 'mydb' user: 'root' host: 'localhost' (Got an error reading communication packets)
2022-11-21  1:20:48 147 [Warning] Aborted connection 147 to db: 'mydb' user: 'root' host: 'localhost' (Got an error reading communication packets)
2022-11-21  1:20:48 151 [Warning] Aborted connection 151 to db: 'mydb' user: 'root' host: 'localhost' (Got an error reading communication packets)
2022-11-21  1:20:48 150 [Warning] Aborted connection 150 to db: 'mydb' user: 'root' host: 'localhost' (Got an error reading communication packets)
2022-11-21  1:20:48 149 [Warning] Aborted connection 149 to db: 'mydb' user: 'root' host: 'localhost' (Got an error reading communication packets)
2022-11-21  1:20:48 148 [Warning] Aborted connection 148 to db: 'mydb' user: 'root' host: 'localhost' (Got an error reading communication packets)
2022-11-21  1:20:48 152 [Warning] Aborted connection 152 to db: 'mydb' user: 'root' host: 'localhost' (Got an error reading communication packets)
2022-11-21  1:20:48 155 [Warning] Aborted connection 155 to db: 'mydb' user: 'root' host: 'localhost' (Got an error reading communication packets)
2022-11-21  1:20:48 154 [Warning] Aborted connection 154 to db: 'mydb' user: 'root' host: 'localhost' (Got an error reading communication packets)
2022-11-21  1:20:48 153 [Warning] Aborted connection 153 to db: 'mydb' user: 'root' host: 'localhost' (Got an error reading communication packets)
2022-11-21  1:31:19 165 [Warning] Aborted connection 165 to db: 'mydb' user: 'root' host: 'localhost' (Got an error reading communication packets)
2022-11-21  1:31:19 164 [Warning] Aborted connection 164 to db: 'mydb' user: 'root' host: 'localhost' (Got an error reading communication packets)
2022-11-21  1:31:19 163 [Warning] Aborted connection 163 to db: 'mydb' user: 'root' host: 'localhost' (Got an error reading communication packets)
2022-11-21  1:31:19 162 [Warning] Aborted connection 162 to db: 'mydb' user: 'root' host: 'localhost' (Got an error reading communication packets)
2022-11-21  1:31:19 161 [Warning] Aborted connection 161 to db: 'mydb' user: 'root' host: 'localhost' (Got an error reading communication packets)
2022-11-21  1:31:19 160 [Warning] Aborted connection 160 to db: 'mydb' user: 'root' host: 'localhost' (Got an error reading communication packets)
2022-11-21  1:31:19 159 [Warning] Aborted connection 159 to db: 'mydb' user: 'root' host: 'localhost' (Got an error reading communication packets)
2022-11-21  1:31:19 158 [Warning] Aborted connection 158 to db: 'mydb' user: 'root' host: 'localhost' (Got an error reading communication packets)
2022-11-21  1:31:19 156 [Warning] Aborted connection 156 to db: 'mydb' user: 'root' host: 'localhost' (Got an error reading communication packets)
2022-11-21  1:31:19 157 [Warning] Aborted connection 157 to db: 'mydb' user: 'root' host: 'localhost' (Got an error reading communication packets)
2022-11-21  3:07:07 13 [Warning] Aborted connection 13 to db: 'mydb' user: 'root' host: 'localhost' (Got timeout reading communication packets)
2022-11-21  3:07:41 14 [Warning] Aborted connection 14 to db: 'mydb' user: 'root' host: 'localhost' (Got timeout reading communication packets)
2022-11-21  4:30:10 15 [Warning] Aborted connection 15 to db: 'mydb' user: 'root' host: 'localhost' (Got timeout reading communication packets)
2022-11-21  7:09:41 285 [Warning] Aborted connection 285 to db: 'mydb' user: 'root' host: 'localhost' (Got an error reading communication packets)
2022-11-21  7:09:41 279 [Warning] Aborted connection 279 to db: 'mydb' user: 'root' host: 'localhost' (Got an error reading communication packets)
2022-11-21  7:09:41 276 [Warning] Aborted connection 276 to db: 'mydb' user: 'root' host: 'localhost' (Got an error reading communication packets)
2022-11-21  7:09:41 280 [Warning] Aborted connection 280 to db: 'mydb' user: 'root' host: 'localhost' (Got an error reading communication packets)
2022-11-21  7:09:41 277 [Warning] Aborted connection 277 to db: 'mydb' user: 'root' host: 'localhost' (Got an error reading communication packets)
2022-11-21  7:09:41 284 [Warning] Aborted connection 284 to db: 'mydb' user: 'root' host: 'localhost' (Got an error reading communication packets)
2022-11-21  7:09:41 283 [Warning] Aborted connection 283 to db: 'mydb' user: 'root' host: 'localhost' (Got an error reading communication packets)
2022-11-21  7:09:41 278 [Warning] Aborted connection 278 to db: 'mydb' user: 'root' host: 'localhost' (Got an error reading communication packets)
2022-11-21  7:09:41 282 [Warning] Aborted connection 282 to db: 'mydb' user: 'root' host: 'localhost' (Got an error reading communication packets)
2022-11-21  7:09:41 281 [Warning] Aborted connection 281 to db: 'mydb' user: 'root' host: 'localhost' (Got an error reading communication packets)
2022-11-21  7:10:10 0 [Note] C:\mariadb-10.5.17-winx64\bin\mysqld.exe (initiated by: unknown): Normal shutdown
2022-11-21  7:10:10 0 [Note] Event Scheduler: Purging the queue. 0 events
2022-11-21  7:10:10 0 [Note] InnoDB: FTS optimize thread exiting.
2022-11-21  7:10:10 0 [Note] InnoDB: Starting shutdown...
2022-11-21  7:10:10 0 [Note] InnoDB: Dumping buffer pool(s) to C:\mariadb-10.5.17-winx64\data\ib_buffer_pool
2022-11-21  7:10:10 0 [Note] InnoDB: Buffer pool(s) dump completed at 221121  7:10:10
2022-11-21  7:10:11 0 [Note] InnoDB: Removed temporary tablespace data file: "ibtmp1"
2022-11-21  7:10:11 0 [Note] InnoDB: Shutdown completed; log sequence number 62601; transaction id 86
2022-11-21  7:10:11 0 [Note] C:\mariadb-10.5.17-winx64\bin\mysqld.exe: Shutdown complete

2022-11-21 20:34:59 0 [Note] InnoDB: Uses event mutexes
2022-11-21 20:34:59 0 [Note] InnoDB: Compressed tables use zlib 1.2.12
2022-11-21 20:34:59 0 [Note] InnoDB: Number of pools: 1
2022-11-21 20:34:59 0 [Note] InnoDB: Using crc32 + pclmulqdq instructions
2022-11-21 20:34:59 0 [Note] InnoDB: Initializing buffer pool, total size = 134217728, chunk size = 134217728
2022-11-21 20:34:59 0 [Note] InnoDB: Completed initialization of buffer pool
2022-11-21 20:34:59 0 [Note] InnoDB: 128 rollback segments are active.
2022-11-21 20:34:59 0 [Note] InnoDB: Creating shared tablespace for temporary tables
2022-11-21 20:34:59 0 [Note] InnoDB: Setting file '.\ibtmp1' size to 12 MB. Physically writing the file full; Please wait ...
2022-11-21 20:34:59 0 [Note] InnoDB: File '.\ibtmp1' size is now 12 MB.
2022-11-21 20:34:59 0 [Note] InnoDB: 10.5.17 started; log sequence number 62601; transaction id 87
2022-11-21 20:34:59 0 [Note] Plugin 'FEEDBACK' is disabled.
2022-11-21 20:34:59 0 [Note] InnoDB: Loading buffer pool(s) from C:\mariadb-10.5.17-winx64\data\ib_buffer_pool
2022-11-21 20:34:59 0 [Note] InnoDB: Buffer pool(s) load completed at 221121 20:34:59
2022-11-21 20:34:59 0 [Note] Server socket created on IP: '::'.
2022-11-21 20:34:59 0 [Note] Reading of all Master_info entries succeeded
2022-11-21 20:34:59 0 [Note] Added new Master_info '' to hash table
2022-11-21 20:34:59 0 [Note] C:\mariadb-10.5.17-winx64\bin\mysqld.exe: ready for connections.
Version: '10.5.17-MariaDB'  socket: ''  port: 3306  mariadb.org binary distribution
2022-11-22  2:02:57 0 [Note] C:\mariadb-10.5.17-winx64\bin\mysqld.exe (initiated by: unknown): Normal shutdown
2022-11-22  2:02:57 0 [Note] Event Scheduler: Purging the queue. 0 events
2022-11-22  2:02:57 0 [Note] InnoDB: FTS optimize thread exiting.
2022-11-22  2:02:57 0 [Note] InnoDB: Starting shutdown...
2022-11-22  2:02:58 0 [Note] InnoDB: Dumping buffer pool(s) to C:\mariadb-10.5.17-winx64\data\ib_buffer_pool
2022-11-22  2:02:58 0 [Note] InnoDB: Buffer pool(s) dump completed at 221122  2:02:58
2022-11-22  2:02:58 0 [Note] InnoDB: Removed temporary tablespace data file: "ibtmp1"
2022-11-22  2:02:58 0 [Note] InnoDB: Shutdown completed; log sequence number 62613; transaction id 88
2022-11-22  2:02:58 0 [Note] C:\mariadb-10.5.17-winx64\bin\mysqld.exe: Shutdown complete

2022-11-22 20:32:03 0 [Note] InnoDB: Uses event mutexes
2022-11-22 20:32:03 0 [Note] InnoDB: Compressed tables use zlib 1.2.12
2022-11-22 20:32:03 0 [Note] InnoDB: Number of pools: 1
2022-11-22 20:32:03 0 [Note] InnoDB: Using crc32 + pclmulqdq instructions
2022-11-22 20:32:03 0 [Note] InnoDB: Initializing buffer pool, total size = 134217728, chunk size = 134217728
2022-11-22 20:32:03 0 [Note] InnoDB: Completed initialization of buffer pool
2022-11-22 20:32:03 0 [Note] InnoDB: 128 rollback segments are active.
2022-11-22 20:32:03 0 [Note] InnoDB: Creating shared tablespace for temporary tables
2022-11-22 20:32:03 0 [Note] InnoDB: Setting file '.\ibtmp1' size to 12 MB. Physically writing the file full; Please wait ...
2022-11-22 20:32:03 0 [Note] InnoDB: File '.\ibtmp1' size is now 12 MB.
2022-11-22 20:32:03 0 [Note] InnoDB: 10.5.17 started; log sequence number 62613; transaction id 87
2022-11-22 20:32:03 0 [Note] Plugin 'FEEDBACK' is disabled.
2022-11-22 20:32:03 0 [Note] InnoDB: Loading buffer pool(s) from C:\mariadb-10.5.17-winx64\data\ib_buffer_pool
2022-11-22 20:32:03 0 [Note] InnoDB: Buffer pool(s) load completed at 221122 20:32:03
2022-11-22 20:32:03 0 [Note] Server socket created on IP: '::'.
2022-11-22 20:32:04 0 [Note] Reading of all Master_info entries succeeded
2022-11-22 20:32:04 0 [Note] Added new Master_info '' to hash table
2022-11-22 20:32:04 0 [Note] C:\mariadb-10.5.17-winx64\bin\mysqld.exe: ready for connections.
Version: '10.5.17-MariaDB'  socket: ''  port: 3306  mariadb.org binary distribution
2022-11-23  7:15:43 0 [Note] C:\mariadb-10.5.17-winx64\bin\mysqld.exe (initiated by: unknown): Normal shutdown
2022-11-23  7:15:43 0 [Note] Event Scheduler: Purging the queue. 0 events
2022-11-23  7:15:43 0 [Note] InnoDB: FTS optimize thread exiting.
2022-11-23  7:15:43 0 [Note] InnoDB: Starting shutdown...
2022-11-23  7:15:43 0 [Note] InnoDB: Dumping buffer pool(s) to C:\mariadb-10.5.17-winx64\data\ib_buffer_pool
2022-11-23  7:15:43 0 [Note] InnoDB: Buffer pool(s) dump completed at 221123  7:15:43
2022-11-23  7:15:44 0 [Note] InnoDB: Removed temporary tablespace data file: "ibtmp1"
2022-11-23  7:15:44 0 [Note] InnoDB: Shutdown completed; log sequence number 62625; transaction id 88
2022-11-23  7:15:44 0 [Note] C:\mariadb-10.5.17-winx64\bin\mysqld.exe: Shutdown complete

2022-11-23 19:18:30 0 [Note] InnoDB: Uses event mutexes
2022-11-23 19:18:30 0 [Note] InnoDB: Compressed tables use zlib 1.2.12
2022-11-23 19:18:30 0 [Note] InnoDB: Number of pools: 1
2022-11-23 19:18:30 0 [Note] InnoDB: Using crc32 + pclmulqdq instructions
2022-11-23 19:18:30 0 [Note] InnoDB: Initializing buffer pool, total size = 134217728, chunk size = 134217728
2022-11-23 19:18:30 0 [Note] InnoDB: Completed initialization of buffer pool
2022-11-23 19:18:30 0 [Note] InnoDB: 128 rollback segments are active.
2022-11-23 19:18:30 0 [Note] InnoDB: Creating shared tablespace for temporary tables
2022-11-23 19:18:30 0 [Note] InnoDB: Setting file '.\ibtmp1' size to 12 MB. Physically writing the file full; Please wait ...
2022-11-23 19:18:30 0 [Note] InnoDB: File '.\ibtmp1' size is now 12 MB.
2022-11-23 19:18:30 0 [Note] InnoDB: 10.5.17 started; log sequence number 62625; transaction id 87
2022-11-23 19:18:30 0 [Note] Plugin 'FEEDBACK' is disabled.
2022-11-23 19:18:30 0 [Note] InnoDB: Loading buffer pool(s) from C:\mariadb-10.5.17-winx64\data\ib_buffer_pool
2022-11-23 19:18:30 0 [Note] InnoDB: Buffer pool(s) load completed at 221123 19:18:30
2022-11-23 19:18:30 0 [Note] Server socket created on IP: '::'.
2022-11-23 19:18:31 0 [Note] Reading of all Master_info entries succeeded
2022-11-23 19:18:31 0 [Note] Added new Master_info '' to hash table
2022-11-23 19:18:31 0 [Note] C:\mariadb-10.5.17-winx64\bin\mysqld.exe: ready for connections.
Version: '10.5.17-MariaDB'  socket: ''  port: 3306  mariadb.org binary distribution
2022-11-24  6:57:03 0 [Note] C:\mariadb-10.5.17-winx64\bin\mysqld.exe (initiated by: unknown): Normal shutdown
2022-11-24  6:57:03 0 [Note] Event Scheduler: Purging the queue. 0 events
2022-11-24  6:57:03 0 [Note] InnoDB: FTS optimize thread exiting.
2022-11-24  6:57:03 0 [Note] InnoDB: Starting shutdown...
2022-11-24  6:57:03 0 [Note] InnoDB: Dumping buffer pool(s) to C:\mariadb-10.5.17-winx64\data\ib_buffer_pool
2022-11-24  6:57:03 0 [Note] InnoDB: Buffer pool(s) dump completed at 221124  6:57:03
2022-11-24  6:57:04 0 [Note] InnoDB: Removed temporary tablespace data file: "ibtmp1"
2022-11-24  6:57:04 0 [Note] InnoDB: Shutdown completed; log sequence number 62637; transaction id 88
2022-11-24  6:57:04 0 [Note] C:\mariadb-10.5.17-winx64\bin\mysqld.exe: Shutdown complete

2022-11-24  7:43:35 0 [Note] InnoDB: Uses event mutexes
2022-11-24  7:43:35 0 [Note] InnoDB: Compressed tables use zlib 1.2.12
2022-11-24  7:43:35 0 [Note] InnoDB: Number of pools: 1
2022-11-24  7:43:35 0 [Note] InnoDB: Using crc32 + pclmulqdq instructions
2022-11-24  7:43:35 0 [Note] InnoDB: Initializing buffer pool, total size = 134217728, chunk size = 134217728
2022-11-24  7:43:35 0 [Note] InnoDB: Completed initialization of buffer pool
2022-11-24  7:43:35 0 [Note] InnoDB: 128 rollback segments are active.
2022-11-24  7:43:35 0 [Note] InnoDB: Creating shared tablespace for temporary tables
2022-11-24  7:43:35 0 [Note] InnoDB: Setting file '.\ibtmp1' size to 12 MB. Physically writing the file full; Please wait ...
2022-11-24  7:43:35 0 [Note] InnoDB: File '.\ibtmp1' size is now 12 MB.
2022-11-24  7:43:35 0 [Note] InnoDB: 10.5.17 started; log sequence number 62637; transaction id 87
2022-11-24  7:43:35 0 [Note] Plugin 'FEEDBACK' is disabled.
2022-11-24  7:43:35 0 [Note] InnoDB: Loading buffer pool(s) from C:\mariadb-10.5.17-winx64\data\ib_buffer_pool
2022-11-24  7:43:35 0 [Note] InnoDB: Buffer pool(s) load completed at 221124  7:43:35
2022-11-24  7:43:35 0 [Note] Server socket created on IP: '::'.
2022-11-24  7:43:35 0 [Note] Reading of all Master_info entries succeeded
2022-11-24  7:43:35 0 [Note] Added new Master_info '' to hash table
2022-11-24  7:43:35 0 [Note] C:\mariadb-10.5.17-winx64\bin\mysqld.exe: ready for connections.
Version: '10.5.17-MariaDB'  socket: ''  port: 3306  mariadb.org binary distribution
2022-11-24  7:55:16 0 [Note] C:\mariadb-10.5.17-winx64\bin\mysqld.exe (initiated by: unknown): Normal shutdown
2022-11-24  7:55:16 0 [Note] Event Scheduler: Purging the queue. 0 events
2022-11-24  7:55:16 0 [Note] InnoDB: FTS optimize thread exiting.
2022-11-24  7:55:16 0 [Note] InnoDB: Starting shutdown...
2022-11-24  7:55:16 0 [Note] InnoDB: Dumping buffer pool(s) to C:\mariadb-10.5.17-winx64\data\ib_buffer_pool
2022-11-24  7:55:16 0 [Note] InnoDB: Buffer pool(s) dump completed at 221124  7:55:16
2022-11-24  7:55:16 0 [Note] InnoDB: Removed temporary tablespace data file: "ibtmp1"
2022-11-24  7:55:16 0 [Note] InnoDB: Shutdown completed; log sequence number 62649; transaction id 88
2022-11-24  7:55:16 0 [Note] C:\mariadb-10.5.17-winx64\bin\mysqld.exe: Shutdown complete

2022-11-25  0:38:22 0 [Note] InnoDB: Uses event mutexes
2022-11-25  0:38:22 0 [Note] InnoDB: Compressed tables use zlib 1.2.12
2022-11-25  0:38:22 0 [Note] InnoDB: Number of pools: 1
2022-11-25  0:38:22 0 [Note] InnoDB: Using crc32 + pclmulqdq instructions
2022-11-25  0:38:23 0 [Note] InnoDB: Initializing buffer pool, total size = 134217728, chunk size = 134217728
2022-11-25  0:38:23 0 [Note] InnoDB: Completed initialization of buffer pool
2022-11-25  0:38:23 0 [Note] InnoDB: 128 rollback segments are active.
2022-11-25  0:38:23 0 [Note] InnoDB: Creating shared tablespace for temporary tables
2022-11-25  0:38:23 0 [Note] InnoDB: Setting file '.\ibtmp1' size to 12 MB. Physically writing the file full; Please wait ...
2022-11-25  0:38:23 0 [Note] InnoDB: File '.\ibtmp1' size is now 12 MB.
2022-11-25  0:38:23 0 [Note] InnoDB: 10.5.17 started; log sequence number 62649; transaction id 87
2022-11-25  0:38:23 0 [Note] Plugin 'FEEDBACK' is disabled.
2022-11-25  0:38:23 0 [Note] InnoDB: Loading buffer pool(s) from C:\mariadb-10.5.17-winx64\data\ib_buffer_pool
2022-11-25  0:38:23 0 [Note] InnoDB: Buffer pool(s) load completed at 221125  0:38:23
2022-11-25  0:38:23 0 [Note] Server socket created on IP: '::'.
2022-11-25  0:38:23 0 [Note] Reading of all Master_info entries succeeded
2022-11-25  0:38:23 0 [Note] Added new Master_info '' to hash table
2022-11-25  0:38:23 0 [Note] C:\mariadb-10.5.17-winx64\bin\mysqld.exe: ready for connections.
Version: '10.5.17-MariaDB'  socket: ''  port: 3306  mariadb.org binary distribution
2022-11-25  7:49:43 0 [Note] C:\mariadb-10.5.17-winx64\bin\mysqld.exe (initiated by: unknown): Normal shutdown
2022-11-25  7:49:43 0 [Note] Event Scheduler: Purging the queue. 0 events
2022-11-25  7:49:43 0 [Note] InnoDB: FTS optimize thread exiting.
2022-11-25  7:49:43 0 [Note] InnoDB: Starting shutdown...
2022-11-25  7:49:43 0 [Note] InnoDB: Dumping buffer pool(s) to C:\mariadb-10.5.17-winx64\data\ib_buffer_pool
2022-11-25  7:49:43 0 [Note] InnoDB: Buffer pool(s) dump completed at 221125  7:49:43
2022-11-25  7:49:43 0 [Note] InnoDB: Removed temporary tablespace data file: "ibtmp1"
2022-11-25  7:49:43 0 [Note] InnoDB: Shutdown completed; log sequence number 62661; transaction id 88
2022-11-25  7:49:43 0 [Note] C:\mariadb-10.5.17-winx64\bin\mysqld.exe: Shutdown complete

2022-11-25 19:17:52 0 [Note] InnoDB: Uses event mutexes
2022-11-25 19:17:52 0 [Note] InnoDB: Compressed tables use zlib 1.2.12
2022-11-25 19:17:52 0 [Note] InnoDB: Number of pools: 1
2022-11-25 19:17:52 0 [Note] InnoDB: Using crc32 + pclmulqdq instructions
2022-11-25 19:17:52 0 [Note] InnoDB: Initializing buffer pool, total size = 134217728, chunk size = 134217728
2022-11-25 19:17:52 0 [Note] InnoDB: Completed initialization of buffer pool
2022-11-25 19:17:52 0 [Note] InnoDB: 128 rollback segments are active.
2022-11-25 19:17:52 0 [Note] InnoDB: Creating shared tablespace for temporary tables
2022-11-25 19:17:52 0 [Note] InnoDB: Setting file '.\ibtmp1' size to 12 MB. Physically writing the file full; Please wait ...
2022-11-25 19:17:52 0 [Note] InnoDB: File '.\ibtmp1' size is now 12 MB.
2022-11-25 19:17:52 0 [Note] InnoDB: 10.5.17 started; log sequence number 62661; transaction id 87
2022-11-25 19:17:52 0 [Note] InnoDB: Loading buffer pool(s) from C:\mariadb-10.5.17-winx64\data\ib_buffer_pool
2022-11-25 19:17:52 0 [Note] Plugin 'FEEDBACK' is disabled.
2022-11-25 19:17:52 0 [Note] InnoDB: Buffer pool(s) load completed at 221125 19:17:52
2022-11-25 19:17:52 0 [Note] Server socket created on IP: '::'.
2022-11-25 19:17:52 0 [Note] Reading of all Master_info entries succeeded
2022-11-25 19:17:52 0 [Note] Added new Master_info '' to hash table
2022-11-25 19:17:52 0 [Note] C:\mariadb-10.5.17-winx64\bin\mysqld.exe: ready for connections.
Version: '10.5.17-MariaDB'  socket: ''  port: 3306  mariadb.org binary distribution
2022-11-27 10:15:11 0 [Note] C:\mariadb-10.5.17-winx64\bin\mysqld.exe (initiated by: unknown): Normal shutdown
2022-11-27 10:15:11 0 [Note] Event Scheduler: Purging the queue. 0 events
2022-11-27 10:15:11 0 [Note] InnoDB: FTS optimize thread exiting.
2022-11-27 10:15:11 0 [Note] InnoDB: Starting shutdown...
2022-11-27 10:15:11 0 [Note] InnoDB: Dumping buffer pool(s) to C:\mariadb-10.5.17-winx64\data\ib_buffer_pool
2022-11-27 10:15:11 0 [Note] InnoDB: Buffer pool(s) dump completed at 221127 10:15:11
2022-11-27 10:15:11 0 [Note] InnoDB: Removed temporary tablespace data file: "ibtmp1"
2022-11-27 10:15:11 0 [Note] InnoDB: Shutdown completed; log sequence number 62673; transaction id 88
2022-11-27 10:15:11 0 [Note] C:\mariadb-10.5.17-winx64\bin\mysqld.exe: Shutdown complete

2022-11-27 11:22:08 0 [Note] InnoDB: Uses event mutexes
2022-11-27 11:22:08 0 [Note] InnoDB: Compressed tables use zlib 1.2.12
2022-11-27 11:22:08 0 [Note] InnoDB: Number of pools: 1
2022-11-27 11:22:08 0 [Note] InnoDB: Using crc32 + pclmulqdq instructions
2022-11-27 11:22:08 0 [Note] InnoDB: Initializing buffer pool, total size = 134217728, chunk size = 134217728
2022-11-27 11:22:08 0 [Note] InnoDB: Completed initialization of buffer pool
2022-11-27 11:22:08 0 [Note] InnoDB: 128 rollback segments are active.
2022-11-27 11:22:08 0 [Note] InnoDB: Creating shared tablespace for temporary tables
2022-11-27 11:22:08 0 [Note] InnoDB: Setting file '.\ibtmp1' size to 12 MB. Physically writing the file full; Please wait ...
2022-11-27 11:22:08 0 [Note] InnoDB: File '.\ibtmp1' size is now 12 MB.
2022-11-27 11:22:08 0 [Note] InnoDB: 10.5.17 started; log sequence number 62673; transaction id 87
2022-11-27 11:22:08 0 [Note] Plugin 'FEEDBACK' is disabled.
2022-11-27 11:22:08 0 [Note] InnoDB: Loading buffer pool(s) from C:\mariadb-10.5.17-winx64\data\ib_buffer_pool
2022-11-27 11:22:08 0 [Note] InnoDB: Buffer pool(s) load completed at 221127 11:22:08
2022-11-27 11:22:08 0 [Note] Server socket created on IP: '::'.
2022-11-27 11:22:08 0 [Note] Reading of all Master_info entries succeeded
2022-11-27 11:22:08 0 [Note] Added new Master_info '' to hash table
2022-11-27 11:22:08 0 [Note] C:\mariadb-10.5.17-winx64\bin\mysqld.exe: ready for connections.
Version: '10.5.17-MariaDB'  socket: ''  port: 3306  mariadb.org binary distribution
2022-11-28 12:30:55 0 [Note] C:\mariadb-10.5.17-winx64\bin\mysqld.exe (initiated by: unknown): Normal shutdown
2022-11-28 12:30:55 0 [Note] Event Scheduler: Purging the queue. 0 events
2022-11-28 12:30:55 0 [Note] InnoDB: FTS optimize thread exiting.
2022-11-28 12:30:55 0 [Note] InnoDB: Starting shutdown...
2022-11-28 12:30:55 0 [Note] InnoDB: Dumping buffer pool(s) to C:\mariadb-10.5.17-winx64\data\ib_buffer_pool
2022-11-28 12:30:55 0 [Note] InnoDB: Buffer pool(s) dump completed at 221128 12:30:55
2022-11-28 12:30:56 0 [Note] InnoDB: Removed temporary tablespace data file: "ibtmp1"
2022-11-28 12:30:56 0 [Note] InnoDB: Shutdown completed; log sequence number 62685; transaction id 88
2022-11-28 12:30:56 0 [Note] C:\mariadb-10.5.17-winx64\bin\mysqld.exe: Shutdown complete

2022-11-28 18:27:42 0 [Note] InnoDB: Uses event mutexes
2022-11-28 18:27:42 0 [Note] InnoDB: Compressed tables use zlib 1.2.12
2022-11-28 18:27:42 0 [Note] InnoDB: Number of pools: 1
2022-11-28 18:27:42 0 [Note] InnoDB: Using crc32 + pclmulqdq instructions
2022-11-28 18:27:42 0 [Note] InnoDB: Initializing buffer pool, total size = 134217728, chunk size = 134217728
2022-11-28 18:27:42 0 [Note] InnoDB: Completed initialization of buffer pool
2022-11-28 18:27:42 0 [Note] InnoDB: 128 rollback segments are active.
2022-11-28 18:27:42 0 [Note] InnoDB: Creating shared tablespace for temporary tables
2022-11-28 18:27:42 0 [Note] InnoDB: Setting file '.\ibtmp1' size to 12 MB. Physically writing the file full; Please wait ...
2022-11-28 18:27:42 0 [Note] InnoDB: File '.\ibtmp1' size is now 12 MB.
2022-11-28 18:27:42 0 [Note] InnoDB: 10.5.17 started; log sequence number 62685; transaction id 87
2022-11-28 18:27:42 0 [Note] Plugin 'FEEDBACK' is disabled.
2022-11-28 18:27:42 0 [Note] InnoDB: Loading buffer pool(s) from C:\mariadb-10.5.17-winx64\data\ib_buffer_pool
2022-11-28 18:27:42 0 [Note] InnoDB: Buffer pool(s) load completed at 221128 18:27:42
2022-11-28 18:27:42 0 [Note] Server socket created on IP: '::'.
2022-11-28 18:27:42 0 [Note] Reading of all Master_info entries succeeded
2022-11-28 18:27:42 0 [Note] Added new Master_info '' to hash table
2022-11-28 18:27:43 0 [Note] C:\mariadb-10.5.17-winx64\bin\mysqld.exe: ready for connections.
Version: '10.5.17-MariaDB'  socket: ''  port: 3306  mariadb.org binary distribution
2022-11-29  1:40:57 0 [Note] C:\mariadb-10.5.17-winx64\bin\mysqld.exe (initiated by: unknown): Normal shutdown
2022-11-29  1:40:57 0 [Note] Event Scheduler: Purging the queue. 0 events
2022-11-29  1:40:57 0 [Note] InnoDB: FTS optimize thread exiting.
2022-11-29  1:40:57 0 [Note] InnoDB: Starting shutdown...
2022-11-29  1:40:57 0 [Note] InnoDB: Dumping buffer pool(s) to C:\mariadb-10.5.17-winx64\data\ib_buffer_pool
2022-11-29  1:40:57 0 [Note] InnoDB: Buffer pool(s) dump completed at 221129  1:40:57
2022-11-29  1:40:58 0 [Note] InnoDB: Removed temporary tablespace data file: "ibtmp1"
2022-11-29  1:40:58 0 [Note] InnoDB: Shutdown completed; log sequence number 62697; transaction id 88
2022-11-29  1:40:58 0 [Note] C:\mariadb-10.5.17-winx64\bin\mysqld.exe: Shutdown complete

2022-11-29 22:06:31 0 [Note] InnoDB: Uses event mutexes
2022-11-29 22:06:31 0 [Note] InnoDB: Compressed tables use zlib 1.2.12
2022-11-29 22:06:31 0 [Note] InnoDB: Number of pools: 1
2022-11-29 22:06:31 0 [Note] InnoDB: Using crc32 + pclmulqdq instructions
2022-11-29 22:06:31 0 [Note] InnoDB: Initializing buffer pool, total size = 134217728, chunk size = 134217728
2022-11-29 22:06:31 0 [Note] InnoDB: Completed initialization of buffer pool
2022-11-29 22:06:31 0 [Note] InnoDB: 128 rollback segments are active.
2022-11-29 22:06:31 0 [Note] InnoDB: Creating shared tablespace for temporary tables
2022-11-29 22:06:31 0 [Note] InnoDB: Setting file '.\ibtmp1' size to 12 MB. Physically writing the file full; Please wait ...
2022-11-29 22:06:31 0 [Note] InnoDB: File '.\ibtmp1' size is now 12 MB.
2022-11-29 22:06:31 0 [Note] InnoDB: 10.5.17 started; log sequence number 62697; transaction id 87
2022-11-29 22:06:31 0 [Note] Plugin 'FEEDBACK' is disabled.
2022-11-29 22:06:31 0 [Note] InnoDB: Loading buffer pool(s) from C:\mariadb-10.5.17-winx64\data\ib_buffer_pool
2022-11-29 22:06:31 0 [Note] InnoDB: Buffer pool(s) load completed at 221129 22:06:31
2022-11-29 22:06:31 0 [Note] Server socket created on IP: '::'.
2022-11-29 22:06:31 0 [Note] Reading of all Master_info entries succeeded
2022-11-29 22:06:31 0 [Note] Added new Master_info '' to hash table
2022-11-29 22:06:31 0 [Note] C:\mariadb-10.5.17-winx64\bin\mysqld.exe: ready for connections.
Version: '10.5.17-MariaDB'  socket: ''  port: 3306  mariadb.org binary distribution
2022-11-30  7:51:59 0 [Note] C:\mariadb-10.5.17-winx64\bin\mysqld.exe (initiated by: unknown): Normal shutdown
2022-11-30  7:51:59 0 [Note] Event Scheduler: Purging the queue. 0 events
2022-11-30  7:51:59 0 [Note] InnoDB: FTS optimize thread exiting.
2022-11-30  7:51:59 0 [Note] InnoDB: Starting shutdown...
2022-11-30  7:51:59 0 [Note] InnoDB: Dumping buffer pool(s) to C:\mariadb-10.5.17-winx64\data\ib_buffer_pool
2022-11-30  7:51:59 0 [Note] InnoDB: Buffer pool(s) dump completed at 221130  7:51:59
2022-11-30  7:52:00 0 [Note] InnoDB: Removed temporary tablespace data file: "ibtmp1"
2022-11-30  7:52:00 0 [Note] InnoDB: Shutdown completed; log sequence number 62709; transaction id 88
2022-11-30  7:52:00 0 [Note] C:\mariadb-10.5.17-winx64\bin\mysqld.exe: Shutdown complete

2022-11-30 19:30:51 0 [Note] InnoDB: Uses event mutexes
2022-11-30 19:30:51 0 [Note] InnoDB: Compressed tables use zlib 1.2.12
2022-11-30 19:30:51 0 [Note] InnoDB: Number of pools: 1
2022-11-30 19:30:51 0 [Note] InnoDB: Using crc32 + pclmulqdq instructions
2022-11-30 19:30:51 0 [Note] InnoDB: Initializing buffer pool, total size = 134217728, chunk size = 134217728
2022-11-30 19:30:51 0 [Note] InnoDB: Completed initialization of buffer pool
2022-11-30 19:30:51 0 [Note] InnoDB: 128 rollback segments are active.
2022-11-30 19:30:51 0 [Note] InnoDB: Creating shared tablespace for temporary tables
2022-11-30 19:30:51 0 [Note] InnoDB: Setting file '.\ibtmp1' size to 12 MB. Physically writing the file full; Please wait ...
2022-11-30 19:30:51 0 [Note] InnoDB: File '.\ibtmp1' size is now 12 MB.
2022-11-30 19:30:51 0 [Note] InnoDB: 10.5.17 started; log sequence number 62709; transaction id 87
2022-11-30 19:30:51 0 [Note] InnoDB: Loading buffer pool(s) from C:\mariadb-10.5.17-winx64\data\ib_buffer_pool
2022-11-30 19:30:51 0 [Note] Plugin 'FEEDBACK' is disabled.
2022-11-30 19:30:51 0 [Note] InnoDB: Buffer pool(s) load completed at 221130 19:30:51
2022-11-30 19:30:51 0 [Note] Server socket created on IP: '::'.
2022-11-30 19:30:51 0 [Note] Reading of all Master_info entries succeeded
2022-11-30 19:30:51 0 [Note] Added new Master_info '' to hash table
2022-11-30 19:30:51 0 [Note] C:\mariadb-10.5.17-winx64\bin\mysqld.exe: ready for connections.
Version: '10.5.17-MariaDB'  socket: ''  port: 3306  mariadb.org binary distribution
2022-12-01  0:41:16 0 [Note] C:\mariadb-10.5.17-winx64\bin\mysqld.exe (initiated by: unknown): Normal shutdown
2022-12-01  0:41:16 0 [Note] Event Scheduler: Purging the queue. 0 events
2022-12-01  0:41:16 0 [Note] InnoDB: FTS optimize thread exiting.
2022-12-01  0:41:16 0 [Note] InnoDB: Starting shutdown...
2022-12-01  0:41:16 0 [Note] InnoDB: Dumping buffer pool(s) to C:\mariadb-10.5.17-winx64\data\ib_buffer_pool
2022-12-01  0:41:16 0 [Note] InnoDB: Buffer pool(s) dump completed at 221201  0:41:16
2022-12-01  0:41:16 0 [Note] InnoDB: Removed temporary tablespace data file: "ibtmp1"
2022-12-01  0:41:16 0 [Note] InnoDB: Shutdown completed; log sequence number 62721; transaction id 88
2022-12-01  0:41:16 0 [Note] C:\mariadb-10.5.17-winx64\bin\mysqld.exe: Shutdown complete

2022-12-01 19:19:20 0 [Note] InnoDB: Uses event mutexes
2022-12-01 19:19:20 0 [Note] InnoDB: Compressed tables use zlib 1.2.12
2022-12-01 19:19:20 0 [Note] InnoDB: Number of pools: 1
2022-12-01 19:19:20 0 [Note] InnoDB: Using crc32 + pclmulqdq instructions
2022-12-01 19:19:20 0 [Note] InnoDB: Initializing buffer pool, total size = 134217728, chunk size = 134217728
2022-12-01 19:19:20 0 [Note] InnoDB: Completed initialization of buffer pool
2022-12-01 19:19:20 0 [Note] InnoDB: 128 rollback segments are active.
2022-12-01 19:19:20 0 [Note] InnoDB: Creating shared tablespace for temporary tables
2022-12-01 19:19:20 0 [Note] InnoDB: Setting file '.\ibtmp1' size to 12 MB. Physically writing the file full; Please wait ...
2022-12-01 19:19:20 0 [Note] InnoDB: File '.\ibtmp1' size is now 12 MB.
2022-12-01 19:19:20 0 [Note] InnoDB: 10.5.17 started; log sequence number 62721; transaction id 87
2022-12-01 19:19:20 0 [Note] Plugin 'FEEDBACK' is disabled.
2022-12-01 19:19:20 0 [Note] InnoDB: Loading buffer pool(s) from C:\mariadb-10.5.17-winx64\data\ib_buffer_pool
2022-12-01 19:19:20 0 [Note] InnoDB: Buffer pool(s) load completed at 221201 19:19:20
2022-12-01 19:19:20 0 [Note] Server socket created on IP: '::'.
2022-12-01 19:19:20 0 [Note] Reading of all Master_info entries succeeded
2022-12-01 19:19:20 0 [Note] Added new Master_info '' to hash table
2022-12-01 19:19:20 0 [Note] C:\mariadb-10.5.17-winx64\bin\mysqld.exe: ready for connections.
Version: '10.5.17-MariaDB'  socket: ''  port: 3306  mariadb.org binary distribution
2022-12-02 19:34:30 0 [Note] InnoDB: Uses event mutexes
2022-12-02 19:34:30 0 [Note] InnoDB: Compressed tables use zlib 1.2.12
2022-12-02 19:34:30 0 [Note] InnoDB: Number of pools: 1
2022-12-02 19:34:30 0 [Note] InnoDB: Using crc32 + pclmulqdq instructions
2022-12-02 19:34:30 0 [Note] InnoDB: Initializing buffer pool, total size = 134217728, chunk size = 134217728
2022-12-02 19:34:30 0 [Note] InnoDB: Completed initialization of buffer pool
2022-12-02 19:34:30 0 [Note] InnoDB: Starting crash recovery from checkpoint LSN=62721,62721
2022-12-02 19:34:31 0 [Note] InnoDB: 128 rollback segments are active.
2022-12-02 19:34:31 0 [Note] InnoDB: Removed temporary tablespace data file: "ibtmp1"
2022-12-02 19:34:31 0 [Note] InnoDB: Creating shared tablespace for temporary tables
2022-12-02 19:34:31 0 [Note] InnoDB: Setting file '.\ibtmp1' size to 12 MB. Physically writing the file full; Please wait ...
2022-12-02 19:34:31 0 [Note] InnoDB: File '.\ibtmp1' size is now 12 MB.
2022-12-02 19:34:31 0 [Note] InnoDB: 10.5.17 started; log sequence number 62733; transaction id 87
2022-12-02 19:34:31 0 [Note] Plugin 'FEEDBACK' is disabled.
2022-12-02 19:34:31 0 [Note] InnoDB: Loading buffer pool(s) from C:\mariadb-10.5.17-winx64\data\ib_buffer_pool
2022-12-02 19:34:31 0 [Note] InnoDB: Buffer pool(s) load completed at 221202 19:34:31
2022-12-02 19:34:31 0 [Note] Server socket created on IP: '::'.
2022-12-02 19:34:31 0 [Note] Reading of all Master_info entries succeeded
2022-12-02 19:34:31 0 [Note] Added new Master_info '' to hash table
2022-12-02 19:34:31 0 [Note] C:\mariadb-10.5.17-winx64\bin\mysqld.exe: ready for connections.
Version: '10.5.17-MariaDB'  socket: ''  port: 3306  mariadb.org binary distribution
2022-12-03 16:56:00 0 [Note] C:\mariadb-10.5.17-winx64\bin\mysqld.exe (initiated by: unknown): Normal shutdown
2022-12-03 16:56:00 0 [Note] Event Scheduler: Purging the queue. 0 events
2022-12-03 16:56:00 0 [Note] InnoDB: FTS optimize thread exiting.
2022-12-03 16:56:00 0 [Note] InnoDB: Starting shutdown...
2022-12-03 16:56:00 0 [Note] InnoDB: Dumping buffer pool(s) to C:\mariadb-10.5.17-winx64\data\ib_buffer_pool
2022-12-03 16:56:00 0 [Note] InnoDB: Buffer pool(s) dump completed at 221203 16:56:00
2022-12-03 16:56:00 0 [Note] InnoDB: Removed temporary tablespace data file: "ibtmp1"
2022-12-03 16:56:00 0 [Note] InnoDB: Shutdown completed; log sequence number 62757; transaction id 88
2022-12-03 16:56:00 0 [Note] C:\mariadb-10.5.17-winx64\bin\mysqld.exe: Shutdown complete

2022-12-03 20:19:32 0 [Note] InnoDB: Uses event mutexes
2022-12-03 20:19:32 0 [Note] InnoDB: Compressed tables use zlib 1.2.12
2022-12-03 20:19:32 0 [Note] InnoDB: Number of pools: 1
2022-12-03 20:19:32 0 [Note] InnoDB: Using crc32 + pclmulqdq instructions
2022-12-03 20:19:32 0 [Note] InnoDB: Initializing buffer pool, total size = 134217728, chunk size = 134217728
2022-12-03 20:19:32 0 [Note] InnoDB: Completed initialization of buffer pool
2022-12-03 20:19:32 0 [Note] InnoDB: 128 rollback segments are active.
2022-12-03 20:19:32 0 [Note] InnoDB: Creating shared tablespace for temporary tables
2022-12-03 20:19:32 0 [Note] InnoDB: Setting file '.\ibtmp1' size to 12 MB. Physically writing the file full; Please wait ...
2022-12-03 20:19:32 0 [Note] InnoDB: File '.\ibtmp1' size is now 12 MB.
2022-12-03 20:19:32 0 [Note] InnoDB: 10.5.17 started; log sequence number 62757; transaction id 87
2022-12-03 20:19:32 0 [Note] Plugin 'FEEDBACK' is disabled.
2022-12-03 20:19:32 0 [Note] InnoDB: Loading buffer pool(s) from C:\mariadb-10.5.17-winx64\data\ib_buffer_pool
2022-12-03 20:19:32 0 [Note] InnoDB: Buffer pool(s) load completed at 221203 20:19:32
2022-12-03 20:19:32 0 [Note] Server socket created on IP: '::'.
2022-12-03 20:19:32 0 [Note] Reading of all Master_info entries succeeded
2022-12-03 20:19:32 0 [Note] Added new Master_info '' to hash table
2022-12-03 20:19:32 0 [Note] C:\mariadb-10.5.17-winx64\bin\mysqld.exe: ready for connections.
Version: '10.5.17-MariaDB'  socket: ''  port: 3306  mariadb.org binary distribution
